Using pre-set license
Built from '6000.0/staging' branch; Version is '6000.0.31f1 (a206c360e2a8) revision 10618563'; Using compiler version '193933523'; Build Type 'Release'
OS: 'Windows 11  (10.0.26100) 64bit Core' Language: 'en' Physical Memory: 32605 MB
BatchMode: 1, IsHumanControllingUs: 0, StartBugReporterOnCrash: 0, Is64bit: 1, IsPro: 1

COMMAND LINE ARGUMENTS:
C:\Program Files\Unity\Hub\Editor\6000.0.31f1\Editor\Unity.exe
-adb2
-batchMode
-noUpm
-name
AssetImportWorker0
-projectPath
F:/My Games/LinkForce/Game/LinkForce
-logFile
Logs/AssetImportWorker0.log
-srvPort
50288
-job-worker-count
5
-background-job-worker-count
8
-gc-helper-count
1
Successfully changed project path to: F:/My Games/LinkForce/Game/LinkForce
F:/My Games/LinkForce/Game/LinkForce
[UnityMemory] Configuration Parameters - Can be set up in boot.config
    "memorysetup-bucket-allocator-granularity=16"
    "memorysetup-bucket-allocator-bucket-count=8"
    "memorysetup-bucket-allocator-block-size=33554432"
    "memorysetup-bucket-allocator-block-count=8"
    "memorysetup-main-allocator-block-size=16777216"
    "memorysetup-thread-allocator-block-size=16777216"
    "memorysetup-gfx-main-allocator-block-size=16777216"
    "memorysetup-gfx-thread-allocator-block-size=16777216"
    "memorysetup-cache-allocator-block-size=4194304"
    "memorysetup-typetree-allocator-block-size=2097152"
    "memorysetup-profiler-bucket-allocator-granularity=16"
    "memorysetup-profiler-bucket-allocator-bucket-count=8"
    "memorysetup-profiler-bucket-allocator-block-size=33554432"
    "memorysetup-profiler-bucket-allocator-block-count=8"
    "memorysetup-profiler-allocator-block-size=16777216"
    "memorysetup-profiler-editor-allocator-block-size=1048576"
    "memorysetup-temp-allocator-size-main=16777216"
    "memorysetup-job-temp-allocator-block-size=2097152"
    "memorysetup-job-temp-allocator-block-size-background=1048576"
    "memorysetup-job-temp-allocator-reduction-small-platforms=262144"
    "memorysetup-allocator-temp-initial-block-size-main=262144"
    "memorysetup-allocator-temp-initial-block-size-worker=262144"
    "memorysetup-temp-allocator-size-background-worker=32768"
    "memorysetup-temp-allocator-size-job-worker=262144"
    "memorysetup-temp-allocator-size-preload-manager=33554432"
    "memorysetup-temp-allocator-size-nav-mesh-worker=65536"
    "memorysetup-temp-allocator-size-audio-worker=65536"
    "memorysetup-temp-allocator-size-cloud-worker=32768"
    "memorysetup-temp-allocator-size-gi-baking-worker=262144"
    "memorysetup-temp-allocator-size-gi-baking-worker=262144"
    "memorysetup-temp-allocator-size-gi-baking-worker=262144"
    "memorysetup-temp-allocator-size-gi-baking-worker=262144"
    "memorysetup-temp-allocator-size-gi-baking-worker=262144"
    "memorysetup-temp-allocator-size-gfx=262144"
Player connection [23948]  Target information:

Player connection [23948]  * "[IP] 192.168.56.1 [Port] 0 [Flags] 2 [Guid] 2545435018 [EditorId] 2545435018 [Version] 1048832 [Id] WindowsEditor(7,TOKTOK) [Debug] 1 [PackageName] WindowsEditor [ProjectName] Editor" 

Player connection [23948]  * "[IP] 192.168.100.12 [Port] 0 [Flags] 2 [Guid] 2545435018 [EditorId] 2545435018 [Version] 1048832 [Id] WindowsEditor(7,TOKTOK) [Debug] 1 [PackageName] WindowsEditor [ProjectName] Editor" 

Player connection [23948] Host joined multi-casting on [225.0.0.222:54997]...
Player connection [23948] Host joined alternative multi-casting on [225.0.0.222:34997]...
JobSystem: Creating JobQueue using job-worker-count value 5
[Physics::Module] Initialized fallback backend.
[Physics::Module] Id: 0xdecafbad
Library Redirect Path: Library/
[Physics::Module] Selected backend.
[Physics::Module] Name: PhysX
[Physics::Module] Id: 0xf2b8ea05
[Physics::Module] SDK Version: 4.1.2
[Physics::Module] Integration Version: 1.0.0
[Physics::Module] Threading Mode: Multi-Threaded
Refreshing native plugins compatible for Editor in 310.93 ms, found 14 plugins.
Preloading 0 native plugins for Editor in 0.00 ms.
Initialize engine version: 6000.0.31f1 (a206c360e2a8)
[Subsystems] Discovering subsystems at path C:/Program Files/Unity/Hub/Editor/6000.0.31f1/Editor/Data/Resources/UnitySubsystems
[Subsystems] Discovering subsystems at path F:/My Games/LinkForce/Game/LinkForce/Assets
GfxDevice: creating device client; kGfxThreadingModeNonThreaded
Direct3D:
    Version:  Direct3D 11.0 [level 11.1]
    Renderer: NVIDIA GeForce RTX 4070 SUPER (ID=0x2783)
    Vendor:   NVIDIA
    VRAM:     11999 MB
    Driver:   32.0.15.6094
Shader 'MoreMountains/MMRipple': fallback shader 'Particle/AlphaBlended' not found
Initialize mono
Mono path[0] = 'C:/Program Files/Unity/Hub/Editor/6000.0.31f1/Editor/Data/Managed'
Mono path[1] = 'C:/Program Files/Unity/Hub/Editor/6000.0.31f1/Editor/Data/MonoBleedingEdge/lib/mono/unityjit-win32'
Mono config path = 'C:/Program Files/Unity/Hub/Editor/6000.0.31f1/Editor/Data/MonoBleedingEdge/etc'
Using monoOptions --debugger-agent=transport=dt_socket,embedding=1,server=y,suspend=n,address=127.0.0.1:56272
Begin MonoManager ReloadAssembly
Registering precompiled unity dll's ...
Register platform support module: C:/Program Files/Unity/Hub/Editor/6000.0.31f1/Editor/Data/PlaybackEngines/WebGLSupport/UnityEditor.WebGL.Extensions.dll
Register platform support module: C:/Program Files/Unity/Hub/Editor/6000.0.31f1/Editor/Data/PlaybackEngines/WindowsStandaloneSupport/UnityEditor.WindowsStandalone.Extensions.dll
Register platform support module: C:/Program Files/Unity/Hub/Editor/6000.0.31f1/Editor/Data/PlaybackEngines/AndroidPlayer/UnityEditor.Android.Extensions.dll
Register platform support module: C:/Program Files/Unity/Hub/Editor/6000.0.31f1/Editor/Data/PlaybackEngines/iOSSupport/UnityEditor.iOS.Extensions.dll
Registered in 0.671661 seconds.
- Loaded All Assemblies, in  9.966 seconds
[usbmuxd] Start listen thread
[usbmuxd] Listen thread started
Native extension for iOS target not found
Native extension for Android target not found
Android Extension - Scanning For ADB Devices 235 ms
Native extension for WindowsStandalone target not found
Native extension for WebGL target not found
Mono: successfully reloaded assembly
- Finished resetting the current domain, in  0.809 seconds
Domain Reload Profiling: 10773ms
	BeginReloadAssembly (7162ms)
		ExecutionOrderSort (0ms)
		DisableScriptedObjects (0ms)
		BackupInstance (0ms)
		ReleaseScriptingObjects (0ms)
		CreateAndSetChildDomain (1ms)
	RebuildCommonClasses (456ms)
	RebuildNativeTypeToScriptingClass (11ms)
	initialDomainReloadingComplete (716ms)
	LoadAllAssembliesAndSetupDomain (1618ms)
		LoadAssemblies (7162ms)
		RebuildTransferFunctionScriptingTraits (0ms)
		AnalyzeDomain (1614ms)
			TypeCache.Refresh (1613ms)
				TypeCache.ScanAssembly (1371ms)
			BuildScriptInfoCaches (0ms)
			ResolveRequiredComponents (1ms)
	FinalizeReload (810ms)
		ReleaseScriptCaches (0ms)
		RebuildScriptCaches (0ms)
		SetupLoadedEditorAssemblies (760ms)
			LogAssemblyErrors (0ms)
			InitializePlatformSupportModulesInManaged (512ms)
			SetLoadedEditorAssemblies (3ms)
			BeforeProcessingInitializeOnLoad (49ms)
			ProcessInitializeOnLoadAttributes (123ms)
			ProcessInitializeOnLoadMethodAttributes (73ms)
			AfterProcessingInitializeOnLoad (0ms)
			EditorAssembliesLoaded (0ms)
		ExecutionOrderSort2 (0ms)
		AwakeInstancesAfterBackupRestoration (0ms)
Assembly reference Packages/com.unity.cinemachine/Editor/Samples/ExposeHDRPInternals/HDRP-Editor-ref.asmref has no target assembly definition
========================================================================
Worker process is ready to serve import requests
Import Worker Mode flag is 0x00
Assembly reference Packages/com.unity.cinemachine/Editor/Samples/ExposeHDRPInternals/HDRP-Editor-ref.asmref has no target assembly definition
Assembly reference Packages/com.unity.cinemachine/Editor/Samples/ExposeHDRPInternals/HDRP-Editor-ref.asmref has no target assembly definition
Begin MonoManager ReloadAssembly
- Loaded All Assemblies, in 11.612 seconds
Assembly reference Packages/com.unity.cinemachine/Editor/Samples/ExposeHDRPInternals/HDRP-Editor-ref.asmref has no target assembly definition
'Packages/com.unity.cinemachine/Editor/Obsolete/CinemachineVirtualCameraBaseEditor.cs' contains partial class of Unity.Object, exactly 1 of the partial classes needs to be in a file with the same filename. This is to know the one that can be referenced from ie. GameObjects
'Packages/com.unity.cinemachine/Editor/Editors/CinemachineVirtualCameraBaseEditor.cs' contains partial class of Unity.Object, exactly 1 of the partial classes needs to be in a file with the same filename. This is to know the one that can be referenced from ie. GameObjects
Refreshing native plugins compatible for Editor in 11.28 ms, found 14 plugins.
Native extension for iOS target not found
Native extension for Android target not found
Native extension for WindowsStandalone target not found
Native extension for WebGL target not found
Assembly reference Packages/com.unity.cinemachine/Editor/Samples/ExposeHDRPInternals/HDRP-Editor-ref.asmref has no target assembly definition
Package Manager log level set to [2]
[Package Manager] Failed to launch server process. Reason: Unity was launched with the -noUpm command-line argument
[Package Manager] Unable to send message (not connected to server process).
[Package Manager] Cannot connect to Unity Package Manager local server
Refreshing native plugins compatible for Editor in 11.86 ms, found 14 plugins.
Mono: successfully reloaded assembly
- Finished resetting the current domain, in  1.558 seconds
Domain Reload Profiling: 13168ms
	BeginReloadAssembly (186ms)
		ExecutionOrderSort (0ms)
		DisableScriptedObjects (5ms)
		BackupInstance (0ms)
		ReleaseScriptingObjects (0ms)
		CreateAndSetChildDomain (34ms)
	RebuildCommonClasses (32ms)
	RebuildNativeTypeToScriptingClass (12ms)
	initialDomainReloadingComplete (39ms)
	LoadAllAssembliesAndSetupDomain (11340ms)
		LoadAssemblies (10459ms)
		RebuildTransferFunctionScriptingTraits (0ms)
		AnalyzeDomain (996ms)
			TypeCache.Refresh (910ms)
				TypeCache.ScanAssembly (835ms)
			BuildScriptInfoCaches (62ms)
			ResolveRequiredComponents (20ms)
	FinalizeReload (1559ms)
		ReleaseScriptCaches (0ms)
		RebuildScriptCaches (0ms)
		SetupLoadedEditorAssemblies (1050ms)
			LogAssemblyErrors (0ms)
			InitializePlatformSupportModulesInManaged (15ms)
			SetLoadedEditorAssemblies (3ms)
			BeforeProcessingInitializeOnLoad (93ms)
			ProcessInitializeOnLoadAttributes (657ms)
			ProcessInitializeOnLoadMethodAttributes (278ms)
			AfterProcessingInitializeOnLoad (4ms)
			EditorAssembliesLoaded (1ms)
		ExecutionOrderSort2 (0ms)
		AwakeInstancesAfterBackupRestoration (6ms)
Shader 'MoreMountains/MMRipple': fallback shader 'Particle/AlphaBlended' not found
Launched and connected shader compiler UnityShaderCompiler.exe after 0.04 seconds
Refreshing native plugins compatible for Editor in 12.21 ms, found 14 plugins.
Preloading 0 native plugins for Editor in 0.00 ms.
Unloading 257 Unused Serialized files (Serialized files now loaded: 0)
Unloading 7383 unused Assets / (5.3 MB). Loaded Objects now: 8039.
Memory consumption went from 274.2 MB to 268.9 MB.
Total: 9.240900 ms (FindLiveObjects: 0.836300 ms CreateObjectMapping: 0.717400 ms MarkObjects: 4.799600 ms  DeleteObjects: 2.886400 ms)

========================================================================
Received Import Request.
  Time since last request: 2593.519551 seconds.
  path: Assets/3D Models/Buildings/Troops
  artifactKey: Guid(7eb47a9cbc4b1014b91997b1870e7d54) Importer(815301076,1909f56bfc062723c751e8b465ee728b)
Start importing Assets/3D Models/Buildings/Troops using Guid(7eb47a9cbc4b1014b91997b1870e7d54) Importer(815301076,1909f56bfc062723c751e8b465ee728b) (PreviewImporter) -> (artifact id: '1d50123496131fd73981150ce284857c') in 0.006965 seconds
Number of updated asset objects reloaded before import = 0Number of asset objects unloaded after import = 0

========================================================================
Received Import Request.
  Time since last request: 3.806926 seconds.
  path: Assets/3D Models/Buildings/Old Troops
  artifactKey: Guid(7eb47a9cbc4b1014b91997b1870e7d54) Importer(815301076,1909f56bfc062723c751e8b465ee728b)
Start importing Assets/3D Models/Buildings/Old Troops using Guid(7eb47a9cbc4b1014b91997b1870e7d54) Importer(815301076,1909f56bfc062723c751e8b465ee728b) (PreviewImporter) -> (artifact id: '0173888047789b2c2b7f602021310a69') in 0.0005157 seconds
Number of updated asset objects reloaded before import = 0Number of asset objects unloaded after import = 0

========================================================================
Received Import Request.
  Time since last request: 99.203597 seconds.
  path: Assets/3D Models/Old Troops/Barracks/Apocalypse Barracks.blend
  artifactKey: Guid(728402d75f113f341923adf38f150ed3) Importer(815301076,1909f56bfc062723c751e8b465ee728b)
Start importing Assets/3D Models/Old Troops/Barracks/Apocalypse Barracks.blend using Guid(728402d75f113f341923adf38f150ed3) Importer(815301076,1909f56bfc062723c751e8b465ee728b) (PreviewImporter) -> (artifact id: '897f42232506366ba067e83704480ea8') in 0.6022206 seconds
Number of updated asset objects reloaded before import = 0Number of asset objects unloaded after import = 20

========================================================================
Received Import Request.
  Time since last request: 0.000046 seconds.
  path: Assets/3D Models/Old Troops/Barracks/Kingdom Barracks Troops.blend
  artifactKey: Guid(9bfb6cbba5edf294c8819f22b1166054) Importer(815301076,1909f56bfc062723c751e8b465ee728b)
Start importing Assets/3D Models/Old Troops/Barracks/Kingdom Barracks Troops.blend using Guid(9bfb6cbba5edf294c8819f22b1166054) Importer(815301076,1909f56bfc062723c751e8b465ee728b) (PreviewImporter) -> (artifact id: 'b2ca4399d5d2725b95d73c108fca7e88') in 0.0776626 seconds
Number of updated asset objects reloaded before import = 0Number of asset objects unloaded after import = 147

========================================================================
Received Import Request.
  Time since last request: 0.000030 seconds.
  path: Assets/3D Models/Old Troops/Barracks/Cyber Barracks.blend
  artifactKey: Guid(24feb2be466e59c449374fc5421d9679) Importer(815301076,1909f56bfc062723c751e8b465ee728b)
Start importing Assets/3D Models/Old Troops/Barracks/Cyber Barracks.blend using Guid(24feb2be466e59c449374fc5421d9679) Importer(815301076,1909f56bfc062723c751e8b465ee728b) (PreviewImporter) -> (artifact id: '53b736ebd33a958982f9c305c82f6b8e') in 0.0526916 seconds
Number of updated asset objects reloaded before import = 0Number of asset objects unloaded after import = 19

========================================================================
Received Import Request.
  Time since last request: 0.000023 seconds.
  path: Assets/3D Models/Old Troops/Barracks/Modern Barracks.blend
  artifactKey: Guid(87f368ba20be53a4db0cc6de79505c57) Importer(815301076,1909f56bfc062723c751e8b465ee728b)
Start importing Assets/3D Models/Old Troops/Barracks/Modern Barracks.blend using Guid(87f368ba20be53a4db0cc6de79505c57) Importer(815301076,1909f56bfc062723c751e8b465ee728b) (PreviewImporter) -> (artifact id: '1b5b7eed33ebfce635a2afb6302ee964') in 0.0618322 seconds
Number of updated asset objects reloaded before import = 0Number of asset objects unloaded after import = 26

========================================================================
Received Import Request.
  Time since last request: 0.000024 seconds.
  path: Assets/3D Models/Old Troops/Barracks/Egypt Barracks.blend
  artifactKey: Guid(fc6df4d3480e07e4e88abfbeaba5ec41) Importer(815301076,1909f56bfc062723c751e8b465ee728b)
Start importing Assets/3D Models/Old Troops/Barracks/Egypt Barracks.blend using Guid(fc6df4d3480e07e4e88abfbeaba5ec41) Importer(815301076,1909f56bfc062723c751e8b465ee728b) (PreviewImporter) -> (artifact id: 'f907fda3db433b196362a0205cdeea8e') in 0.1596182 seconds
Number of updated asset objects reloaded before import = 0Number of asset objects unloaded after import = 98

========================================================================
Received Import Request.
  Time since last request: 0.000032 seconds.
  path: Assets/3D Models/Old Troops/Barracks/Barracks.blend
  artifactKey: Guid(fc8b7a349747fad4eae17e203e979cdc) Importer(815301076,1909f56bfc062723c751e8b465ee728b)
Start importing Assets/3D Models/Old Troops/Barracks/Barracks.blend using Guid(fc8b7a349747fad4eae17e203e979cdc) Importer(815301076,1909f56bfc062723c751e8b465ee728b) (PreviewImporter) -> (artifact id: 'a20275caaa277c30b497cded3a9027a7') in 0.0601098 seconds
Number of updated asset objects reloaded before import = 0Number of asset objects unloaded after import = 20

========================================================================
Received Import Request.
  Time since last request: 0.000040 seconds.
  path: Assets/3D Models/Old Troops/Barracks/Modern Barracks Troops.blend
  artifactKey: Guid(a47e09e39aa3c45419a4b771770b6dbc) Importer(815301076,1909f56bfc062723c751e8b465ee728b)
Start importing Assets/3D Models/Old Troops/Barracks/Modern Barracks Troops.blend using Guid(a47e09e39aa3c45419a4b771770b6dbc) Importer(815301076,1909f56bfc062723c751e8b465ee728b) (PreviewImporter) -> (artifact id: '53a2a68032b9281014bcb21d2ace82f7') in 0.0680558 seconds
Number of updated asset objects reloaded before import = 0Number of asset objects unloaded after import = 178

========================================================================
Received Import Request.
  Time since last request: 13.517006 seconds.
  path: Assets/3D Models/Old Troops/Bomber/Cyber Bomber.blend
  artifactKey: Guid(b88bc61c8a493d7458e422eac6de4ce8) Importer(815301076,1909f56bfc062723c751e8b465ee728b)
Start importing Assets/3D Models/Old Troops/Bomber/Cyber Bomber.blend using Guid(b88bc61c8a493d7458e422eac6de4ce8) Importer(815301076,1909f56bfc062723c751e8b465ee728b) (PreviewImporter) -> (artifact id: '53b089f289c99638302caaf51f9c0e82') in 0.051318 seconds
Number of updated asset objects reloaded before import = 0Number of asset objects unloaded after import = 161

========================================================================
Received Import Request.
  Time since last request: 0.000025 seconds.
  path: Assets/3D Models/Old Troops/Bomber/Stone Bomber.blend
  artifactKey: Guid(99e57032fdcde454f804387c7a8963ba) Importer(815301076,1909f56bfc062723c751e8b465ee728b)
Start importing Assets/3D Models/Old Troops/Bomber/Stone Bomber.blend using Guid(99e57032fdcde454f804387c7a8963ba) Importer(815301076,1909f56bfc062723c751e8b465ee728b) (PreviewImporter) -> (artifact id: '18caeb7a6d353b0560d61dde0cae5ef4') in 0.051265 seconds
Number of updated asset objects reloaded before import = 0Number of asset objects unloaded after import = 169

========================================================================
Received Import Request.
  Time since last request: 0.000040 seconds.
  path: Assets/3D Models/Old Troops/Bomber/Samurai Bomber.blend
  artifactKey: Guid(bba276fe9e7293d4eaeba805f65b3311) Importer(815301076,1909f56bfc062723c751e8b465ee728b)
Start importing Assets/3D Models/Old Troops/Bomber/Samurai Bomber.blend using Guid(bba276fe9e7293d4eaeba805f65b3311) Importer(815301076,1909f56bfc062723c751e8b465ee728b) (PreviewImporter) -> (artifact id: '1cf78dcd131c67ec623d0addefdee5ba') in 0.0481843 seconds
Number of updated asset objects reloaded before import = 0Number of asset objects unloaded after import = 148

========================================================================
Received Import Request.
  Time since last request: 0.000031 seconds.
  path: Assets/3D Models/Old Troops/Bomber/Kingdom Bomber.blend
  artifactKey: Guid(9d647036645fe4d4ca5ee652c3ec66e2) Importer(815301076,1909f56bfc062723c751e8b465ee728b)
Start importing Assets/3D Models/Old Troops/Bomber/Kingdom Bomber.blend using Guid(9d647036645fe4d4ca5ee652c3ec66e2) Importer(815301076,1909f56bfc062723c751e8b465ee728b) (PreviewImporter) -> (artifact id: '5ce1c1f34d721e41066531c6d2bd01f0') in 0.0533462 seconds
Number of updated asset objects reloaded before import = 0Number of asset objects unloaded after import = 156

========================================================================
Received Import Request.
  Time since last request: 3.075742 seconds.
  path: Assets/3D Models/Old Troops/Gold Mine/Apocalypse Gold Mine.blend
  artifactKey: Guid(c72f3642a49a25e49bb2389386a61473) Importer(815301076,1909f56bfc062723c751e8b465ee728b)
Start importing Assets/3D Models/Old Troops/Gold Mine/Apocalypse Gold Mine.blend using Guid(c72f3642a49a25e49bb2389386a61473) Importer(815301076,1909f56bfc062723c751e8b465ee728b) (PreviewImporter) -> (artifact id: '355d42e84ff74e605daf9f4f54c2a9bc') in 0.0730574 seconds
Number of updated asset objects reloaded before import = 0Number of asset objects unloaded after import = 29

========================================================================
Received Import Request.
  Time since last request: 0.000024 seconds.
  path: Assets/3D Models/Old Troops/Gold Mine/Roman Empire  Gold Mine.blend
  artifactKey: Guid(e4590b02f48fa5b45b900ebf456329f3) Importer(815301076,1909f56bfc062723c751e8b465ee728b)
Start importing Assets/3D Models/Old Troops/Gold Mine/Roman Empire  Gold Mine.blend using Guid(e4590b02f48fa5b45b900ebf456329f3) Importer(815301076,1909f56bfc062723c751e8b465ee728b) (PreviewImporter) -> (artifact id: '7b5dbf66d0c6b0de636de79f72a107f1') in 0.0433787 seconds
Number of updated asset objects reloaded before import = 0Number of asset objects unloaded after import = 19

========================================================================
Received Import Request.
  Time since last request: 0.000044 seconds.
  path: Assets/3D Models/Old Troops/Gold Mine/Samurai Gold Mine.blend
  artifactKey: Guid(862718926a606bc4796b2302b59a030b) Importer(815301076,1909f56bfc062723c751e8b465ee728b)
Start importing Assets/3D Models/Old Troops/Gold Mine/Samurai Gold Mine.blend using Guid(862718926a606bc4796b2302b59a030b) Importer(815301076,1909f56bfc062723c751e8b465ee728b) (PreviewImporter) -> (artifact id: '8f75361984676635d71091fa322d51e0') in 0.0314381 seconds
Number of updated asset objects reloaded before import = 0Number of asset objects unloaded after import = 9

========================================================================
Received Import Request.
  Time since last request: 3.268609 seconds.
  path: Assets/3D Models/Old Troops/Legendary Barracks/Apocalypse Legendary Barracks Troops.blend
  artifactKey: Guid(4da61c45146a3cc499207b8c51305756) Importer(815301076,1909f56bfc062723c751e8b465ee728b)
Start importing Assets/3D Models/Old Troops/Legendary Barracks/Apocalypse Legendary Barracks Troops.blend using Guid(4da61c45146a3cc499207b8c51305756) Importer(815301076,1909f56bfc062723c751e8b465ee728b) (PreviewImporter) -> (artifact id: 'fdd8ad3bc2c260a2f30214d40551e930') in 0.0838635 seconds
Number of updated asset objects reloaded before import = 0Number of asset objects unloaded after import = 161

========================================================================
Received Import Request.
  Time since last request: 0.000028 seconds.
  path: Assets/3D Models/Old Troops/Legendary Barracks/Egypt Legendary Barracks Troops.blend
  artifactKey: Guid(c2c0262f9c7721c45b628e74758b1035) Importer(815301076,1909f56bfc062723c751e8b465ee728b)
Start importing Assets/3D Models/Old Troops/Legendary Barracks/Egypt Legendary Barracks Troops.blend using Guid(c2c0262f9c7721c45b628e74758b1035) Importer(815301076,1909f56bfc062723c751e8b465ee728b) (PreviewImporter) -> (artifact id: 'c1c055e7f60bb44e187c6d1abfeb71b3') in 0.0614301 seconds
Number of updated asset objects reloaded before import = 0Number of asset objects unloaded after import = 155

========================================================================
Received Import Request.
  Time since last request: 0.000036 seconds.
  path: Assets/3D Models/Old Troops/Legendary Barracks/Cyber Legendary Barracks Troops.blend
  artifactKey: Guid(72f7cc6dd917a00409169a216c7fa930) Importer(815301076,1909f56bfc062723c751e8b465ee728b)
Start importing Assets/3D Models/Old Troops/Legendary Barracks/Cyber Legendary Barracks Troops.blend using Guid(72f7cc6dd917a00409169a216c7fa930) Importer(815301076,1909f56bfc062723c751e8b465ee728b) (PreviewImporter) -> (artifact id: '67fd7384db0f8990c0c6d401b58f30db') in 0.0468686 seconds
Number of updated asset objects reloaded before import = 0Number of asset objects unloaded after import = 156

========================================================================
Received Import Request.
  Time since last request: 0.000037 seconds.
  path: Assets/3D Models/Old Troops/Legendary Barracks/Modern Legendary Barracks.blend
  artifactKey: Guid(abdf5410a0f83514fb287363a42df329) Importer(815301076,1909f56bfc062723c751e8b465ee728b)
Start importing Assets/3D Models/Old Troops/Legendary Barracks/Modern Legendary Barracks.blend using Guid(abdf5410a0f83514fb287363a42df329) Importer(815301076,1909f56bfc062723c751e8b465ee728b) (PreviewImporter) -> (artifact id: '50e60b5c170c78fb2dae47bf18f93117') in 0.0294881 seconds
Number of updated asset objects reloaded before import = 0Number of asset objects unloaded after import = 14

========================================================================
Received Import Request.
  Time since last request: 0.000031 seconds.
  path: Assets/3D Models/Old Troops/Legendary Barracks/Egypt Legendary Barracks.blend
  artifactKey: Guid(16f16556a5eef9b40a45503eb1a94ca0) Importer(815301076,1909f56bfc062723c751e8b465ee728b)
Start importing Assets/3D Models/Old Troops/Legendary Barracks/Egypt Legendary Barracks.blend using Guid(16f16556a5eef9b40a45503eb1a94ca0) Importer(815301076,1909f56bfc062723c751e8b465ee728b) (PreviewImporter) -> (artifact id: 'b770faaa6dd4c883147bb15dfd3049bf') in 0.2442423 seconds
Number of updated asset objects reloaded before import = 0Number of asset objects unloaded after import = 115

========================================================================
Received Import Request.
  Time since last request: 21.072314 seconds.
  path: Assets/3D Models/Old Troops/Melee/Cyber Melee.blend
  artifactKey: Guid(754f8a2f1111b1d4fbe887fa79d1538f) Importer(815301076,1909f56bfc062723c751e8b465ee728b)
Start importing Assets/3D Models/Old Troops/Melee/Cyber Melee.blend using Guid(754f8a2f1111b1d4fbe887fa79d1538f) Importer(815301076,1909f56bfc062723c751e8b465ee728b) (PreviewImporter) -> (artifact id: '32907ef9d9744e37084bceced40c3f3c') in 0.0523964 seconds
Number of updated asset objects reloaded before import = 0Number of asset objects unloaded after import = 152

========================================================================
Received Import Request.
  Time since last request: 0.000029 seconds.
  path: Assets/3D Models/Old Troops/Melee/Stone Melee.blend
  artifactKey: Guid(e8901d32643d77d40afe2749ffa90919) Importer(815301076,1909f56bfc062723c751e8b465ee728b)
Start importing Assets/3D Models/Old Troops/Melee/Stone Melee.blend using Guid(e8901d32643d77d40afe2749ffa90919) Importer(815301076,1909f56bfc062723c751e8b465ee728b) (PreviewImporter) -> (artifact id: 'a60d96fbd7d5004e70f9325482827f6b') in 0.0810272 seconds
Number of updated asset objects reloaded before import = 0Number of asset objects unloaded after import = 151

========================================================================
Received Import Request.
  Time since last request: 0.000039 seconds.
  path: Assets/3D Models/Old Troops/Melee/Samurai Melee.blend
  artifactKey: Guid(b314c9e9d833c114982bd1fccc559313) Importer(815301076,1909f56bfc062723c751e8b465ee728b)
Start importing Assets/3D Models/Old Troops/Melee/Samurai Melee.blend using Guid(b314c9e9d833c114982bd1fccc559313) Importer(815301076,1909f56bfc062723c751e8b465ee728b) (PreviewImporter) -> (artifact id: '49e34a70a77fcd377fbfbdac8875a02f') in 0.088139 seconds
Number of updated asset objects reloaded before import = 0Number of asset objects unloaded after import = 143

========================================================================
Received Import Request.
  Time since last request: 0.000041 seconds.
  path: Assets/3D Models/Old Troops/Melee/Roman Empire Melee.blend
  artifactKey: Guid(a519e0a9bb12224468a8a1d437f55d7f) Importer(815301076,1909f56bfc062723c751e8b465ee728b)
Start importing Assets/3D Models/Old Troops/Melee/Roman Empire Melee.blend using Guid(a519e0a9bb12224468a8a1d437f55d7f) Importer(815301076,1909f56bfc062723c751e8b465ee728b) (PreviewImporter) -> (artifact id: '21275d71d19adc1c1fe6676f2dcf51b5') in 0.050454 seconds
Number of updated asset objects reloaded before import = 0Number of asset objects unloaded after import = 174

========================================================================
Received Import Request.
  Time since last request: 1.875440 seconds.
  path: Assets/3D Models/Old Troops/Prison/Apocalypse Prisoner.blend
  artifactKey: Guid(bfe66dcf9e775bf4ab0e27128b307e94) Importer(815301076,1909f56bfc062723c751e8b465ee728b)
Start importing Assets/3D Models/Old Troops/Prison/Apocalypse Prisoner.blend using Guid(bfe66dcf9e775bf4ab0e27128b307e94) Importer(815301076,1909f56bfc062723c751e8b465ee728b) (PreviewImporter) -> (artifact id: '3cc26a3aac710fa524d358951eb5e4b3') in 0.0483405 seconds
Number of updated asset objects reloaded before import = 0Number of asset objects unloaded after import = 149

========================================================================
Received Import Request.
  Time since last request: 0.000024 seconds.
  path: Assets/3D Models/Old Troops/Prison/Roman Prison.blend
  artifactKey: Guid(59d5e0d1305920046a563671dd569090) Importer(815301076,1909f56bfc062723c751e8b465ee728b)
Start importing Assets/3D Models/Old Troops/Prison/Roman Prison.blend using Guid(59d5e0d1305920046a563671dd569090) Importer(815301076,1909f56bfc062723c751e8b465ee728b) (PreviewImporter) -> (artifact id: 'f46f19c4ea97fc1b6e95d9e6ec3faf02') in 0.0324026 seconds
Number of updated asset objects reloaded before import = 0Number of asset objects unloaded after import = 13

========================================================================
Received Import Request.
  Time since last request: 0.000037 seconds.
  path: Assets/3D Models/Old Troops/Prison/Stone Prisoner.blend
  artifactKey: Guid(d5def7000ce0b94419f11e443b220d36) Importer(815301076,1909f56bfc062723c751e8b465ee728b)
Start importing Assets/3D Models/Old Troops/Prison/Stone Prisoner.blend using Guid(d5def7000ce0b94419f11e443b220d36) Importer(815301076,1909f56bfc062723c751e8b465ee728b) (PreviewImporter) -> (artifact id: '98d95252f0b2e39d310344c06002e08d') in 0.0507901 seconds
Number of updated asset objects reloaded before import = 0Number of asset objects unloaded after import = 151

========================================================================
Received Import Request.
  Time since last request: 0.000038 seconds.
  path: Assets/3D Models/Old Troops/Prison/Samurai Prison.blend
  artifactKey: Guid(0e7d8a7b48737894c885c7773fc364a8) Importer(815301076,1909f56bfc062723c751e8b465ee728b)
Start importing Assets/3D Models/Old Troops/Prison/Samurai Prison.blend using Guid(0e7d8a7b48737894c885c7773fc364a8) Importer(815301076,1909f56bfc062723c751e8b465ee728b) (PreviewImporter) -> (artifact id: '9d2da682e1d0fa02636d0370cd161eed') in 0.0405936 seconds
Number of updated asset objects reloaded before import = 0Number of asset objects unloaded after import = 23

========================================================================
Received Import Request.
  Time since last request: 0.000024 seconds.
  path: Assets/3D Models/Old Troops/Prison/Egypt Prisoner.blend
  artifactKey: Guid(0773b6370f10daa4e93259f224494764) Importer(815301076,1909f56bfc062723c751e8b465ee728b)
Start importing Assets/3D Models/Old Troops/Prison/Egypt Prisoner.blend using Guid(0773b6370f10daa4e93259f224494764) Importer(815301076,1909f56bfc062723c751e8b465ee728b) (PreviewImporter) -> (artifact id: 'ef4e521a7f8d1c25e7429ed01128a3e9') in 0.0426173 seconds
Number of updated asset objects reloaded before import = 0Number of asset objects unloaded after import = 147

========================================================================
Received Import Request.
  Time since last request: 0.000030 seconds.
  path: Assets/3D Models/Old Troops/Prison/Cyber Prisoner.blend
  artifactKey: Guid(bcae23e75e6bd0c49b309f606816a863) Importer(815301076,1909f56bfc062723c751e8b465ee728b)
Start importing Assets/3D Models/Old Troops/Prison/Cyber Prisoner.blend using Guid(bcae23e75e6bd0c49b309f606816a863) Importer(815301076,1909f56bfc062723c751e8b465ee728b) (PreviewImporter) -> (artifact id: 'c03a182f3a8fd129f4b6075bdff99b65') in 0.0520419 seconds
Number of updated asset objects reloaded before import = 0Number of asset objects unloaded after import = 157

========================================================================
Received Import Request.
  Time since last request: 14.605218 seconds.
  path: Assets/3D Models/Old Troops/Range/Apocalypse Range.blend
  artifactKey: Guid(5435e6eb6fe74ec4b96e5025b5b7a123) Importer(815301076,1909f56bfc062723c751e8b465ee728b)
Start importing Assets/3D Models/Old Troops/Range/Apocalypse Range.blend using Guid(5435e6eb6fe74ec4b96e5025b5b7a123) Importer(815301076,1909f56bfc062723c751e8b465ee728b) (PreviewImporter) -> (artifact id: '196171c9350f671dc1c25ad77c30b6a5') in 0.0505248 seconds
Number of updated asset objects reloaded before import = 0Number of asset objects unloaded after import = 162

========================================================================
Received Import Request.
  Time since last request: 0.000025 seconds.
  path: Assets/3D Models/Old Troops/Range/Modern Range.blend
  artifactKey: Guid(fced6a2fb6d1b79408c2d9b846d44439) Importer(815301076,1909f56bfc062723c751e8b465ee728b)
Start importing Assets/3D Models/Old Troops/Range/Modern Range.blend using Guid(fced6a2fb6d1b79408c2d9b846d44439) Importer(815301076,1909f56bfc062723c751e8b465ee728b) (PreviewImporter) -> (artifact id: '279e02a3c53c4e83e78ec935781c0e18') in 0.0775581 seconds
Number of updated asset objects reloaded before import = 0Number of asset objects unloaded after import = 198

========================================================================
Received Import Request.
  Time since last request: 4.111080 seconds.
  path: Assets/3D Models/Old Troops/Rider/Cyber Rider.blend
  artifactKey: Guid(4821a914619895e4dbc7aff286a15cba) Importer(815301076,1909f56bfc062723c751e8b465ee728b)
Start importing Assets/3D Models/Old Troops/Rider/Cyber Rider.blend using Guid(4821a914619895e4dbc7aff286a15cba) Importer(815301076,1909f56bfc062723c751e8b465ee728b) (PreviewImporter) -> (artifact id: '79a7c4745e7e6c018f314c2bc9e7774d') in 0.0854091 seconds
Number of updated asset objects reloaded before import = 0Number of asset objects unloaded after import = 182

========================================================================
Received Import Request.
  Time since last request: 0.000030 seconds.
  path: Assets/3D Models/Old Troops/Rider/Kingdom Rider.blend
  artifactKey: Guid(a4e17d7c7a4d36e45b86921b901ac561) Importer(815301076,1909f56bfc062723c751e8b465ee728b)
Start importing Assets/3D Models/Old Troops/Rider/Kingdom Rider.blend using Guid(a4e17d7c7a4d36e45b86921b901ac561) Importer(815301076,1909f56bfc062723c751e8b465ee728b) (PreviewImporter) -> (artifact id: '6f84e8a8372a6087e58a1f4d88cdcccf') in 0.2278906 seconds
Number of updated asset objects reloaded before import = 0Number of asset objects unloaded after import = 205

========================================================================
Received Import Request.
  Time since last request: 2.948235 seconds.
  path: Assets/3D Models/Old Troops/Trebuchet/Cyber Trebuchet.blend
  artifactKey: Guid(b72cc0b8eb330664b96ef833700210fd) Importer(815301076,1909f56bfc062723c751e8b465ee728b)
Start importing Assets/3D Models/Old Troops/Trebuchet/Cyber Trebuchet.blend using Guid(b72cc0b8eb330664b96ef833700210fd) Importer(815301076,1909f56bfc062723c751e8b465ee728b) (PreviewImporter) -> (artifact id: '113ede1aba3bb3e19bb63d8ff97dbcbd') in 0.0714759 seconds
Number of updated asset objects reloaded before import = 0Number of asset objects unloaded after import = 52

========================================================================
Received Import Request.
  Time since last request: 0.000023 seconds.
  path: Assets/3D Models/Old Troops/Trebuchet/Egypt Trebuchet Troop.blend
  artifactKey: Guid(298a6cfa3bb7adb40af1f9ed8c28315e) Importer(815301076,1909f56bfc062723c751e8b465ee728b)
Start importing Assets/3D Models/Old Troops/Trebuchet/Egypt Trebuchet Troop.blend using Guid(298a6cfa3bb7adb40af1f9ed8c28315e) Importer(815301076,1909f56bfc062723c751e8b465ee728b) (PreviewImporter) -> (artifact id: '732e80044547938244f910fdf585a9e3') in 0.040188 seconds
Number of updated asset objects reloaded before import = 0Number of asset objects unloaded after import = 142

========================================================================
Received Import Request.
  Time since last request: 0.000036 seconds.
  path: Assets/3D Models/Old Troops/Trebuchet/Roman Trebuchet.blend
  artifactKey: Guid(da908fda521c9a243abcc5537106511e) Importer(815301076,1909f56bfc062723c751e8b465ee728b)
Start importing Assets/3D Models/Old Troops/Trebuchet/Roman Trebuchet.blend using Guid(da908fda521c9a243abcc5537106511e) Importer(815301076,1909f56bfc062723c751e8b465ee728b) (PreviewImporter) -> (artifact id: 'ffc67c9efaca738aae1a46e22bfb8af7') in 0.0706399 seconds
Number of updated asset objects reloaded before import = 0Number of asset objects unloaded after import = 39

========================================================================
Received Import Request.
  Time since last request: 0.000037 seconds.
  path: Assets/3D Models/Old Troops/Trebuchet/Egypt Trebuchet.blend
  artifactKey: Guid(df73cbe0732eaf848be888ce8153984d) Importer(815301076,1909f56bfc062723c751e8b465ee728b)
Start importing Assets/3D Models/Old Troops/Trebuchet/Egypt Trebuchet.blend using Guid(df73cbe0732eaf848be888ce8153984d) Importer(815301076,1909f56bfc062723c751e8b465ee728b) (PreviewImporter) -> (artifact id: 'de080b506f10c6590333149584814205') in 0.0798752 seconds
Number of updated asset objects reloaded before import = 0Number of asset objects unloaded after import = 28

Editor requested this worker to shutdown with reason: Scaling down because of idle timeout
AssetImportWorker is now disconnected from the server
Process exiting
Exiting without the bug reporter. Application will terminate with return code 0