Using pre-set license
Built from '6000.0/staging' branch; Version is '6000.0.31f1 (a206c360e2a8) revision 10618563'; Using compiler version '193933523'; Build Type 'Release'
OS: 'Windows 11  (10.0.26100) 64bit Core' Language: 'en' Physical Memory: 32605 MB
BatchMode: 1, IsHumanControllingUs: 0, StartBugReporterOnCrash: 0, Is64bit: 1, IsPro: 1

COMMAND LINE ARGUMENTS:
C:\Program Files\Unity\Hub\Editor\6000.0.31f1\Editor\Unity.exe
-adb2
-batchMode
-noUpm
-name
AssetImportWorker1
-projectPath
F:/My Games/LinkForce/Game/LinkForce
-logFile
Logs/AssetImportWorker1.log
-srvPort
50288
-job-worker-count
5
-background-job-worker-count
8
-gc-helper-count
1
Successfully changed project path to: F:/My Games/LinkForce/Game/LinkForce
F:/My Games/LinkForce/Game/LinkForce
[UnityMemory] Configuration Parameters - Can be set up in boot.config
    "memorysetup-bucket-allocator-granularity=16"
    "memorysetup-bucket-allocator-bucket-count=8"
    "memorysetup-bucket-allocator-block-size=33554432"
    "memorysetup-bucket-allocator-block-count=8"
    "memorysetup-main-allocator-block-size=16777216"
    "memorysetup-thread-allocator-block-size=16777216"
    "memorysetup-gfx-main-allocator-block-size=16777216"
    "memorysetup-gfx-thread-allocator-block-size=16777216"
    "memorysetup-cache-allocator-block-size=4194304"
    "memorysetup-typetree-allocator-block-size=2097152"
    "memorysetup-profiler-bucket-allocator-granularity=16"
    "memorysetup-profiler-bucket-allocator-bucket-count=8"
    "memorysetup-profiler-bucket-allocator-block-size=33554432"
    "memorysetup-profiler-bucket-allocator-block-count=8"
    "memorysetup-profiler-allocator-block-size=16777216"
    "memorysetup-profiler-editor-allocator-block-size=1048576"
    "memorysetup-temp-allocator-size-main=16777216"
    "memorysetup-job-temp-allocator-block-size=2097152"
    "memorysetup-job-temp-allocator-block-size-background=1048576"
    "memorysetup-job-temp-allocator-reduction-small-platforms=262144"
    "memorysetup-allocator-temp-initial-block-size-main=262144"
    "memorysetup-allocator-temp-initial-block-size-worker=262144"
    "memorysetup-temp-allocator-size-background-worker=32768"
    "memorysetup-temp-allocator-size-job-worker=262144"
    "memorysetup-temp-allocator-size-preload-manager=33554432"
    "memorysetup-temp-allocator-size-nav-mesh-worker=65536"
    "memorysetup-temp-allocator-size-audio-worker=65536"
    "memorysetup-temp-allocator-size-cloud-worker=32768"
    "memorysetup-temp-allocator-size-gi-baking-worker=262144"
    "memorysetup-temp-allocator-size-gi-baking-worker=262144"
    "memorysetup-temp-allocator-size-gi-baking-worker=262144"
    "memorysetup-temp-allocator-size-gi-baking-worker=262144"
    "memorysetup-temp-allocator-size-gi-baking-worker=262144"
    "memorysetup-temp-allocator-size-gfx=262144"
Player connection [9536]  Target information:

Player connection [9536]  * "[IP] 192.168.56.1 [Port] 0 [Flags] 2 [Guid] 1009120166 [EditorId] 1009120166 [Version] 1048832 [Id] WindowsEditor(7,TOKTOK) [Debug] 1 [PackageName] WindowsEditor [ProjectName] Editor" 

Player connection [9536]  * "[IP] 192.168.100.12 [Port] 0 [Flags] 2 [Guid] 1009120166 [EditorId] 1009120166 [Version] 1048832 [Id] WindowsEditor(7,TOKTOK) [Debug] 1 [PackageName] WindowsEditor [ProjectName] Editor" 

Player connection [9536] Host joined multi-casting on [225.0.0.222:54997]...
Player connection [9536] Host joined alternative multi-casting on [225.0.0.222:34997]...
JobSystem: Creating JobQueue using job-worker-count value 5
[Physics::Module] Initialized fallback backend.
[Physics::Module] Id: 0xdecafbad
Library Redirect Path: Library/
[Physics::Module] Selected backend.
[Physics::Module] Name: PhysX
[Physics::Module] Id: 0xf2b8ea05
[Physics::Module] SDK Version: 4.1.2
[Physics::Module] Integration Version: 1.0.0
[Physics::Module] Threading Mode: Multi-Threaded
Refreshing native plugins compatible for Editor in 310.90 ms, found 14 plugins.
Preloading 0 native plugins for Editor in 0.00 ms.
Initialize engine version: 6000.0.31f1 (a206c360e2a8)
[Subsystems] Discovering subsystems at path C:/Program Files/Unity/Hub/Editor/6000.0.31f1/Editor/Data/Resources/UnitySubsystems
[Subsystems] Discovering subsystems at path F:/My Games/LinkForce/Game/LinkForce/Assets
GfxDevice: creating device client; kGfxThreadingModeNonThreaded
Direct3D:
    Version:  Direct3D 11.0 [level 11.1]
    Renderer: NVIDIA GeForce RTX 4070 SUPER (ID=0x2783)
    Vendor:   NVIDIA
    VRAM:     11999 MB
    Driver:   32.0.15.6094
Shader 'MoreMountains/MMRipple': fallback shader 'Particle/AlphaBlended' not found
Initialize mono
Mono path[0] = 'C:/Program Files/Unity/Hub/Editor/6000.0.31f1/Editor/Data/Managed'
Mono path[1] = 'C:/Program Files/Unity/Hub/Editor/6000.0.31f1/Editor/Data/MonoBleedingEdge/lib/mono/unityjit-win32'
Mono config path = 'C:/Program Files/Unity/Hub/Editor/6000.0.31f1/Editor/Data/MonoBleedingEdge/etc'
Using monoOptions --debugger-agent=transport=dt_socket,embedding=1,server=y,suspend=n,address=127.0.0.1:56044
Begin MonoManager ReloadAssembly
Registering precompiled unity dll's ...
Register platform support module: C:/Program Files/Unity/Hub/Editor/6000.0.31f1/Editor/Data/PlaybackEngines/WebGLSupport/UnityEditor.WebGL.Extensions.dll
Register platform support module: C:/Program Files/Unity/Hub/Editor/6000.0.31f1/Editor/Data/PlaybackEngines/WindowsStandaloneSupport/UnityEditor.WindowsStandalone.Extensions.dll
Register platform support module: C:/Program Files/Unity/Hub/Editor/6000.0.31f1/Editor/Data/PlaybackEngines/AndroidPlayer/UnityEditor.Android.Extensions.dll
Register platform support module: C:/Program Files/Unity/Hub/Editor/6000.0.31f1/Editor/Data/PlaybackEngines/iOSSupport/UnityEditor.iOS.Extensions.dll
Registered in 0.669925 seconds.
- Loaded All Assemblies, in  9.970 seconds
[usbmuxd] Start listen thread
[usbmuxd] Listen thread started
Native extension for iOS target not found
Native extension for Android target not found
Android Extension - Scanning For ADB Devices 235 ms
Native extension for WindowsStandalone target not found
Native extension for WebGL target not found
Mono: successfully reloaded assembly
- Finished resetting the current domain, in  0.805 seconds
Domain Reload Profiling: 10772ms
	BeginReloadAssembly (7163ms)
		ExecutionOrderSort (0ms)
		DisableScriptedObjects (0ms)
		BackupInstance (0ms)
		ReleaseScriptingObjects (0ms)
		CreateAndSetChildDomain (1ms)
	RebuildCommonClasses (455ms)
	RebuildNativeTypeToScriptingClass (12ms)
	initialDomainReloadingComplete (715ms)
	LoadAllAssembliesAndSetupDomain (1622ms)
		LoadAssemblies (7163ms)
		RebuildTransferFunctionScriptingTraits (0ms)
		AnalyzeDomain (1618ms)
			TypeCache.Refresh (1616ms)
				TypeCache.ScanAssembly (1372ms)
			BuildScriptInfoCaches (0ms)
			ResolveRequiredComponents (0ms)
	FinalizeReload (805ms)
		ReleaseScriptCaches (0ms)
		RebuildScriptCaches (0ms)
		SetupLoadedEditorAssemblies (756ms)
			LogAssemblyErrors (0ms)
			InitializePlatformSupportModulesInManaged (508ms)
			SetLoadedEditorAssemblies (4ms)
			BeforeProcessingInitializeOnLoad (49ms)
			ProcessInitializeOnLoadAttributes (126ms)
			ProcessInitializeOnLoadMethodAttributes (69ms)
			AfterProcessingInitializeOnLoad (0ms)
			EditorAssembliesLoaded (0ms)
		ExecutionOrderSort2 (0ms)
		AwakeInstancesAfterBackupRestoration (0ms)
Assembly reference Packages/com.unity.cinemachine/Editor/Samples/ExposeHDRPInternals/HDRP-Editor-ref.asmref has no target assembly definition
========================================================================
Worker process is ready to serve import requests
Import Worker Mode flag is 0x00
Assembly reference Packages/com.unity.cinemachine/Editor/Samples/ExposeHDRPInternals/HDRP-Editor-ref.asmref has no target assembly definition
Assembly reference Packages/com.unity.cinemachine/Editor/Samples/ExposeHDRPInternals/HDRP-Editor-ref.asmref has no target assembly definition
Begin MonoManager ReloadAssembly
- Loaded All Assemblies, in 11.616 seconds
Assembly reference Packages/com.unity.cinemachine/Editor/Samples/ExposeHDRPInternals/HDRP-Editor-ref.asmref has no target assembly definition
'Packages/com.unity.cinemachine/Editor/Obsolete/CinemachineVirtualCameraBaseEditor.cs' contains partial class of Unity.Object, exactly 1 of the partial classes needs to be in a file with the same filename. This is to know the one that can be referenced from ie. GameObjects
'Packages/com.unity.cinemachine/Editor/Editors/CinemachineVirtualCameraBaseEditor.cs' contains partial class of Unity.Object, exactly 1 of the partial classes needs to be in a file with the same filename. This is to know the one that can be referenced from ie. GameObjects
Refreshing native plugins compatible for Editor in 11.41 ms, found 14 plugins.
Native extension for iOS target not found
Native extension for Android target not found
Native extension for WindowsStandalone target not found
Native extension for WebGL target not found
Assembly reference Packages/com.unity.cinemachine/Editor/Samples/ExposeHDRPInternals/HDRP-Editor-ref.asmref has no target assembly definition
Unable to write to 'ProjectSettings\GvhProjectSettings.xml' (System.IO.IOException: Sharing violation on path F:\My Games\LinkForce\Game\LinkForce\ProjectSettings\GvhProjectSettings.xml
  at System.IO.FileStream..ctor (System.String path, System.IO.FileMode mode, System.IO.FileAccess access, System.IO.FileShare share, System.Int32 bufferSize, System.Boolean anonymous, System.IO.FileOptions options) [0x0019e] in <ed969b0e627d471da4848289f9c322df>:0 
  at System.IO.FileStream..ctor (System.String path, System.IO.FileMode mode, System.IO.FileAccess access, System.IO.FileShare share, System.Int32 bufferSize, System.IO.FileOptions options) [0x00000] in <ed969b0e627d471da4848289f9c322df>:0 
  at System.IO.FileStream..ctor (System.String path, System.IO.FileMode mode, System.IO.FileAccess access, System.IO.FileShare share, System.Int32 bufferSize, System.Boolean useAsync) [0x00000] in <ed969b0e627d471da4848289f9c322df>:0 
  at (wrapper remoting-invoke-with-check) System.IO.FileStream..ctor(string,System.IO.FileMode,System.IO.FileAccess,System.IO.FileShare,int,bool)
  at System.Xml.XmlWriterSettings.CreateWriter (System.String outputFileName) [0x00051] in <b6fd6ecd2e7245b788040c10094a6821>:0 
  at System.Xml.XmlWriter.Create (System.String outputFileName, System.Xml.XmlWriterSettings settings) [0x0000a] in <b6fd6ecd2e7245b788040c10094a6821>:0 
  at Google.ProjectSettings.Save () [0x0006d] in /Users/chkuang/Workspace/git/unity-jar-resolver/source/VersionHandlerImpl/src/ProjectSettings.cs:821 , Project settings were not saved!
UnityEngine.Debug:ExtractStackTraceNoAlloc (byte*,int,string)
UnityEngine.StackTraceUtility:ExtractStackTrace ()
UnityEngine.DebugLogHandler:Internal_Log (UnityEngine.LogType,UnityEngine.LogOption,string,UnityEngine.Object)
UnityEngine.DebugLogHandler:LogFormat (UnityEngine.LogType,UnityEngine.Object,string,object[])
UnityEngine.Logger:Log (UnityEngine.LogType,object)
UnityEngine.Debug:LogError (object)
Google.Logger:Log (string,Google.LogLevel) (at /Users/chkuang/Workspace/git/unity-jar-resolver/source/VersionHandlerImpl/src/Logger.cs:136)
Google.ProjectSettings:Save () (at /Users/chkuang/Workspace/git/unity-jar-resolver/source/VersionHandlerImpl/src/ProjectSettings.cs:844)
Google.ProjectSettings:SetBool (string,bool,Google.SettingsLocation) (at /Users/chkuang/Workspace/git/unity-jar-resolver/source/VersionHandlerImpl/src/ProjectSettings.cs:485)
Google.ProjectSettings:SetBool (string,bool) (at /Users/chkuang/Workspace/git/unity-jar-resolver/source/VersionHandlerImpl/src/ProjectSettings.cs:497)
Google.IOSResolver:set_VerboseLoggingEnabled (bool) (at /Users/chkuang/Workspace/git/unity-jar-resolver/source/IOSResolver/src/IOSResolver.cs:998)
Google.IOSResolver:.cctor () (at /Users/chkuang/Workspace/git/unity-jar-resolver/source/IOSResolver/src/IOSResolver.cs:692)
System.Runtime.CompilerServices.RuntimeHelpers:RunClassConstructor (System.RuntimeTypeHandle)
UnityEditor.EditorAssemblies:ProcessInitializeOnLoadAttributes (System.Type[])

(Filename: /Users/chkuang/Workspace/git/unity-jar-resolver/source/VersionHandlerImpl/src/ProjectSettings.cs Line: 844)

Package Manager log level set to [2]
[Package Manager] Failed to launch server process. Reason: Unity was launched with the -noUpm command-line argument
[Package Manager] Unable to send message (not connected to server process).
[Package Manager] Cannot connect to Unity Package Manager local server
Refreshing native plugins compatible for Editor in 10.98 ms, found 14 plugins.
Mono: successfully reloaded assembly
- Finished resetting the current domain, in  1.557 seconds
Domain Reload Profiling: 13171ms
	BeginReloadAssembly (180ms)
		ExecutionOrderSort (0ms)
		DisableScriptedObjects (5ms)
		BackupInstance (0ms)
		ReleaseScriptingObjects (0ms)
		CreateAndSetChildDomain (29ms)
	RebuildCommonClasses (32ms)
	RebuildNativeTypeToScriptingClass (10ms)
	initialDomainReloadingComplete (39ms)
	LoadAllAssembliesAndSetupDomain (11352ms)
		LoadAssemblies (10474ms)
		RebuildTransferFunctionScriptingTraits (0ms)
		AnalyzeDomain (996ms)
			TypeCache.Refresh (906ms)
				TypeCache.ScanAssembly (824ms)
			BuildScriptInfoCaches (67ms)
			ResolveRequiredComponents (20ms)
	FinalizeReload (1557ms)
		ReleaseScriptCaches (0ms)
		RebuildScriptCaches (0ms)
		SetupLoadedEditorAssemblies (1047ms)
			LogAssemblyErrors (0ms)
			InitializePlatformSupportModulesInManaged (15ms)
			SetLoadedEditorAssemblies (3ms)
			BeforeProcessingInitializeOnLoad (92ms)
			ProcessInitializeOnLoadAttributes (658ms)
			ProcessInitializeOnLoadMethodAttributes (275ms)
			AfterProcessingInitializeOnLoad (4ms)
			EditorAssembliesLoaded (0ms)
		ExecutionOrderSort2 (0ms)
		AwakeInstancesAfterBackupRestoration (7ms)
Shader 'MoreMountains/MMRipple': fallback shader 'Particle/AlphaBlended' not found
Launched and connected shader compiler UnityShaderCompiler.exe after 0.03 seconds
Refreshing native plugins compatible for Editor in 12.25 ms, found 14 plugins.
Preloading 0 native plugins for Editor in 0.00 ms.
Unloading 257 Unused Serialized files (Serialized files now loaded: 0)
Unloading 7383 unused Assets / (5.3 MB). Loaded Objects now: 8039.
Memory consumption went from 274.2 MB to 268.9 MB.
Total: 9.352400 ms (FindLiveObjects: 0.819400 ms CreateObjectMapping: 0.688300 ms MarkObjects: 4.772100 ms  DeleteObjects: 3.071400 ms)

========================================================================
Received Import Request.
  Time since last request: 2696.772332 seconds.
  path: Assets/3D Models/Old Troops/Barracks/Apocalypse Barracks Troops.blend
  artifactKey: Guid(34f00f5c947c9aa409d8b04cf5bebd5d) Importer(815301076,1909f56bfc062723c751e8b465ee728b)
Start importing Assets/3D Models/Old Troops/Barracks/Apocalypse Barracks Troops.blend using Guid(34f00f5c947c9aa409d8b04cf5bebd5d) Importer(815301076,1909f56bfc062723c751e8b465ee728b) (PreviewImporter) -> (artifact id: '476348c4de21c41f521cc0346bd907ae') in 0.6070757 seconds
Number of updated asset objects reloaded before import = 0Number of asset objects unloaded after import = 163

========================================================================
Received Import Request.
  Time since last request: 0.000036 seconds.
  path: Assets/3D Models/Old Troops/Barracks/Stone Barracks Troop.blend
  artifactKey: Guid(e0c94cdbf9a609644a11faa20ebc658c) Importer(815301076,1909f56bfc062723c751e8b465ee728b)
Start importing Assets/3D Models/Old Troops/Barracks/Stone Barracks Troop.blend using Guid(e0c94cdbf9a609644a11faa20ebc658c) Importer(815301076,1909f56bfc062723c751e8b465ee728b) (PreviewImporter) -> (artifact id: 'c15ff59516157a6ba62b67bbeba6ad7d') in 0.0823373 seconds
Number of updated asset objects reloaded before import = 0Number of asset objects unloaded after import = 161

========================================================================
Received Import Request.
  Time since last request: 0.000036 seconds.
  path: Assets/3D Models/Old Troops/Barracks/Cyber Barracks Troops.blend
  artifactKey: Guid(1c7d6b687352f774c8cc7fb3acdc285a) Importer(815301076,1909f56bfc062723c751e8b465ee728b)
Start importing Assets/3D Models/Old Troops/Barracks/Cyber Barracks Troops.blend using Guid(1c7d6b687352f774c8cc7fb3acdc285a) Importer(815301076,1909f56bfc062723c751e8b465ee728b) (PreviewImporter) -> (artifact id: '6908b131e87f74df9414be0204744440') in 0.0672191 seconds
Number of updated asset objects reloaded before import = 0Number of asset objects unloaded after import = 157

========================================================================
Received Import Request.
  Time since last request: 0.000026 seconds.
  path: Assets/3D Models/Old Troops/Barracks/Samurai  Barracks.blend
  artifactKey: Guid(598426b06d8843c4d91128a365d2b6f2) Importer(815301076,1909f56bfc062723c751e8b465ee728b)
Start importing Assets/3D Models/Old Troops/Barracks/Samurai  Barracks.blend using Guid(598426b06d8843c4d91128a365d2b6f2) Importer(815301076,1909f56bfc062723c751e8b465ee728b) (PreviewImporter) -> (artifact id: 'a6e2577319b9dbf59fb1aff427c1dcc9') in 0.0655225 seconds
Number of updated asset objects reloaded before import = 0Number of asset objects unloaded after import = 24

========================================================================
Received Import Request.
  Time since last request: 0.000035 seconds.
  path: Assets/3D Models/Old Troops/Barracks/Samurai  Barracks Troops.blend
  artifactKey: Guid(a329a00a3e78cee4eb2de6b4734889fc) Importer(815301076,1909f56bfc062723c751e8b465ee728b)
Start importing Assets/3D Models/Old Troops/Barracks/Samurai  Barracks Troops.blend using Guid(a329a00a3e78cee4eb2de6b4734889fc) Importer(815301076,1909f56bfc062723c751e8b465ee728b) (PreviewImporter) -> (artifact id: '061c3bb137d79323b52cff2f5b4aa881') in 0.0429277 seconds
Number of updated asset objects reloaded before import = 0Number of asset objects unloaded after import = 143

========================================================================
Received Import Request.
  Time since last request: 0.000034 seconds.
  path: Assets/3D Models/Old Troops/Barracks/Egypt Barracks Troops.blend
  artifactKey: Guid(9e6eb8968c2cf3a4186fc3f479ade1cc) Importer(815301076,1909f56bfc062723c751e8b465ee728b)
Start importing Assets/3D Models/Old Troops/Barracks/Egypt Barracks Troops.blend using Guid(9e6eb8968c2cf3a4186fc3f479ade1cc) Importer(815301076,1909f56bfc062723c751e8b465ee728b) (PreviewImporter) -> (artifact id: 'ed1754fc9e307c100a11fa023d57641d') in 0.0640315 seconds
Number of updated asset objects reloaded before import = 0Number of asset objects unloaded after import = 159

========================================================================
Received Import Request.
  Time since last request: 0.000041 seconds.
  path: Assets/3D Models/Old Troops/Barracks/Kingdom Barracks.blend
  artifactKey: Guid(b88cab9850043004585b4ee8772699b3) Importer(815301076,1909f56bfc062723c751e8b465ee728b)
Start importing Assets/3D Models/Old Troops/Barracks/Kingdom Barracks.blend using Guid(b88cab9850043004585b4ee8772699b3) Importer(815301076,1909f56bfc062723c751e8b465ee728b) (PreviewImporter) -> (artifact id: '2313fdbb218c07f7a6282c72a070a23d') in 0.0401348 seconds
Number of updated asset objects reloaded before import = 0Number of asset objects unloaded after import = 14

========================================================================
Received Import Request.
  Time since last request: 0.000024 seconds.
  path: Assets/3D Models/Old Troops/Barracks/Roman Empire Barracks Troops.blend
  artifactKey: Guid(928807aac89bf224c84f0a48832fb897) Importer(815301076,1909f56bfc062723c751e8b465ee728b)
Start importing Assets/3D Models/Old Troops/Barracks/Roman Empire Barracks Troops.blend using Guid(928807aac89bf224c84f0a48832fb897) Importer(815301076,1909f56bfc062723c751e8b465ee728b) (PreviewImporter) -> (artifact id: '7688a301078101fae06d675cadc02cf0') in 0.0586507 seconds
Number of updated asset objects reloaded before import = 0Number of asset objects unloaded after import = 157

========================================================================
Received Import Request.
  Time since last request: 0.000023 seconds.
  path: Assets/3D Models/Old Troops/Barracks/Roman Empire  Barracks.blend
  artifactKey: Guid(42f32cc12f6c6f3458cc99372e2169f9) Importer(815301076,1909f56bfc062723c751e8b465ee728b)
Start importing Assets/3D Models/Old Troops/Barracks/Roman Empire  Barracks.blend using Guid(42f32cc12f6c6f3458cc99372e2169f9) Importer(815301076,1909f56bfc062723c751e8b465ee728b) (PreviewImporter) -> (artifact id: '505f833266ff815292c2b90eecdbba6a') in 0.2866702 seconds
Number of updated asset objects reloaded before import = 0Number of asset objects unloaded after import = 224

========================================================================
Received Import Request.
  Time since last request: 13.218818 seconds.
  path: Assets/3D Models/Old Troops/Bomber/Egypt Bomber.blend
  artifactKey: Guid(4f7e7a496f98f9040b3ee4269a73c517) Importer(815301076,1909f56bfc062723c751e8b465ee728b)
Start importing Assets/3D Models/Old Troops/Bomber/Egypt Bomber.blend using Guid(4f7e7a496f98f9040b3ee4269a73c517) Importer(815301076,1909f56bfc062723c751e8b465ee728b) (PreviewImporter) -> (artifact id: 'ba0cad0ebfe801a5d1b2ff45e0cb3d5a') in 0.0478897 seconds
Number of updated asset objects reloaded before import = 0Number of asset objects unloaded after import = 152

========================================================================
Received Import Request.
  Time since last request: 0.000022 seconds.
  path: Assets/3D Models/Old Troops/Bomber/Roman Bomber.blend
  artifactKey: Guid(a129e33d98e077649b79f3089adfdda5) Importer(815301076,1909f56bfc062723c751e8b465ee728b)
Start importing Assets/3D Models/Old Troops/Bomber/Roman Bomber.blend using Guid(a129e33d98e077649b79f3089adfdda5) Importer(815301076,1909f56bfc062723c751e8b465ee728b) (PreviewImporter) -> (artifact id: '1b54c771423512a1233f215511e74ba6') in 0.0503387 seconds
Number of updated asset objects reloaded before import = 0Number of asset objects unloaded after import = 162

========================================================================
Received Import Request.
  Time since last request: 0.000028 seconds.
  path: Assets/3D Models/Old Troops/Bomber/Modern Bomber.blend
  artifactKey: Guid(446656a6a434d9f4198b6c5afa60aa36) Importer(815301076,1909f56bfc062723c751e8b465ee728b)
Start importing Assets/3D Models/Old Troops/Bomber/Modern Bomber.blend using Guid(446656a6a434d9f4198b6c5afa60aa36) Importer(815301076,1909f56bfc062723c751e8b465ee728b) (PreviewImporter) -> (artifact id: '38dc03d183f99ed01b684b9a800ef0fb') in 0.0882242 seconds
Number of updated asset objects reloaded before import = 0Number of asset objects unloaded after import = 167

========================================================================
Received Import Request.
  Time since last request: 3.105534 seconds.
  path: Assets/3D Models/Old Troops/Gold Mine/Cyber Gold Mine.blend
  artifactKey: Guid(8266e2f759257544bb5c00ff1ff264f2) Importer(815301076,1909f56bfc062723c751e8b465ee728b)
Start importing Assets/3D Models/Old Troops/Gold Mine/Cyber Gold Mine.blend using Guid(8266e2f759257544bb5c00ff1ff264f2) Importer(815301076,1909f56bfc062723c751e8b465ee728b) (PreviewImporter) -> (artifact id: '314b71163de2644f9a344f6247e15ce9') in 0.0411507 seconds
Number of updated asset objects reloaded before import = 0Number of asset objects unloaded after import = 38

========================================================================
Received Import Request.
  Time since last request: 0.000022 seconds.
  path: Assets/3D Models/Old Troops/Gold Mine/Kingdom Gold Mine.blend
  artifactKey: Guid(f865644df24b6c9439943ef1473063dd) Importer(815301076,1909f56bfc062723c751e8b465ee728b)
Start importing Assets/3D Models/Old Troops/Gold Mine/Kingdom Gold Mine.blend using Guid(f865644df24b6c9439943ef1473063dd) Importer(815301076,1909f56bfc062723c751e8b465ee728b) (PreviewImporter) -> (artifact id: '0459ddde73eb303b915838eda174fc70') in 0.1276426 seconds
Number of updated asset objects reloaded before import = 0Number of asset objects unloaded after import = 78

========================================================================
Received Import Request.
  Time since last request: 3.272265 seconds.
  path: Assets/3D Models/Old Troops/Legendary Barracks/Cyber Legendary Barracks.blend
  artifactKey: Guid(ce26e09580709654d868899b80992d6a) Importer(815301076,1909f56bfc062723c751e8b465ee728b)
Start importing Assets/3D Models/Old Troops/Legendary Barracks/Cyber Legendary Barracks.blend using Guid(ce26e09580709654d868899b80992d6a) Importer(815301076,1909f56bfc062723c751e8b465ee728b) (PreviewImporter) -> (artifact id: '499f56b09515f7f9096636a4c4e954ba') in 0.0596977 seconds
Number of updated asset objects reloaded before import = 0Number of asset objects unloaded after import = 34

========================================================================
Received Import Request.
  Time since last request: 0.000024 seconds.
  path: Assets/3D Models/Old Troops/Legendary Barracks/Stone Legendary Barracks.blend
  artifactKey: Guid(9692d48cddc31f441b711979ebc5c8d9) Importer(815301076,1909f56bfc062723c751e8b465ee728b)
Start importing Assets/3D Models/Old Troops/Legendary Barracks/Stone Legendary Barracks.blend using Guid(9692d48cddc31f441b711979ebc5c8d9) Importer(815301076,1909f56bfc062723c751e8b465ee728b) (PreviewImporter) -> (artifact id: 'd24adbb8b52ddf79bd68ebe2a0a2e9c4') in 0.0290545 seconds
Number of updated asset objects reloaded before import = 0Number of asset objects unloaded after import = 13

========================================================================
Received Import Request.
  Time since last request: 0.000024 seconds.
  path: Assets/3D Models/Old Troops/Legendary Barracks/Kingdom Legendary Barracks.blend
  artifactKey: Guid(57850157cd272be4ca51a4e379c28d97) Importer(815301076,1909f56bfc062723c751e8b465ee728b)
Start importing Assets/3D Models/Old Troops/Legendary Barracks/Kingdom Legendary Barracks.blend using Guid(57850157cd272be4ca51a4e379c28d97) Importer(815301076,1909f56bfc062723c751e8b465ee728b) (PreviewImporter) -> (artifact id: '99c11c19c8717830ef3159c58ff8e3e8') in 0.0593799 seconds
Number of updated asset objects reloaded before import = 0Number of asset objects unloaded after import = 20

========================================================================
Received Import Request.
  Time since last request: 0.000030 seconds.
  path: Assets/3D Models/Old Troops/Legendary Barracks/Modern Legendary Barracks Troops.blend
  artifactKey: Guid(297b7956305a3d14d9426ae86891b346) Importer(815301076,1909f56bfc062723c751e8b465ee728b)
Start importing Assets/3D Models/Old Troops/Legendary Barracks/Modern Legendary Barracks Troops.blend using Guid(297b7956305a3d14d9426ae86891b346) Importer(815301076,1909f56bfc062723c751e8b465ee728b) (PreviewImporter) -> (artifact id: '63887d6f1b7b5f8f1c2dd0f16313e52a') in 0.0622683 seconds
Number of updated asset objects reloaded before import = 0Number of asset objects unloaded after import = 160

========================================================================
Received Import Request.
  Time since last request: 0.000046 seconds.
  path: Assets/3D Models/Old Troops/Legendary Barracks/Samurai Legendary Barracks.blend
  artifactKey: Guid(895cec7a7b832ae448b3c216f71cfe80) Importer(815301076,1909f56bfc062723c751e8b465ee728b)
Start importing Assets/3D Models/Old Troops/Legendary Barracks/Samurai Legendary Barracks.blend using Guid(895cec7a7b832ae448b3c216f71cfe80) Importer(815301076,1909f56bfc062723c751e8b465ee728b) (PreviewImporter) -> (artifact id: '6d6554a47ed23019eab55d0ec1efb1bb') in 0.0445086 seconds
Number of updated asset objects reloaded before import = 0Number of asset objects unloaded after import = 14

========================================================================
Received Import Request.
  Time since last request: 21.292946 seconds.
  path: Assets/3D Models/Old Troops/Melee/Kingdom Melee.blend
  artifactKey: Guid(83262a9c037ab934dbc732c4cfa18c65) Importer(815301076,1909f56bfc062723c751e8b465ee728b)
Start importing Assets/3D Models/Old Troops/Melee/Kingdom Melee.blend using Guid(83262a9c037ab934dbc732c4cfa18c65) Importer(815301076,1909f56bfc062723c751e8b465ee728b) (PreviewImporter) -> (artifact id: '0f509035c54ee24050355cf5bc2aff22') in 0.3417148 seconds
Number of updated asset objects reloaded before import = 0Number of asset objects unloaded after import = 209

========================================================================
Received Import Request.
  Time since last request: 1.916394 seconds.
  path: Assets/3D Models/Old Troops/Prison/Cyber Prison.blend
  artifactKey: Guid(bf17f4d61eec8974fb9b673e8f8fe18f) Importer(815301076,1909f56bfc062723c751e8b465ee728b)
Start importing Assets/3D Models/Old Troops/Prison/Cyber Prison.blend using Guid(bf17f4d61eec8974fb9b673e8f8fe18f) Importer(815301076,1909f56bfc062723c751e8b465ee728b) (PreviewImporter) -> (artifact id: 'ad1d4f0d4a9ad3559cb1921b09ca49ab') in 0.0326532 seconds
Number of updated asset objects reloaded before import = 0Number of asset objects unloaded after import = 19

========================================================================
Received Import Request.
  Time since last request: 0.000036 seconds.
  path: Assets/3D Models/Old Troops/Prison/Stone Prison.blend
  artifactKey: Guid(43e23d98e8b9f74469b296cf8ecba9a1) Importer(815301076,1909f56bfc062723c751e8b465ee728b)
Start importing Assets/3D Models/Old Troops/Prison/Stone Prison.blend using Guid(43e23d98e8b9f74469b296cf8ecba9a1) Importer(815301076,1909f56bfc062723c751e8b465ee728b) (PreviewImporter) -> (artifact id: 'faa7a61fc30688e802e5794049d824e0') in 0.0217373 seconds
Number of updated asset objects reloaded before import = 0Number of asset objects unloaded after import = 13

========================================================================
Received Import Request.
  Time since last request: 0.000034 seconds.
  path: Assets/3D Models/Old Troops/Prison/Kingdom Prison.blend
  artifactKey: Guid(1b78500fffe29df4da23272ee9b1518a) Importer(815301076,1909f56bfc062723c751e8b465ee728b)
Start importing Assets/3D Models/Old Troops/Prison/Kingdom Prison.blend using Guid(1b78500fffe29df4da23272ee9b1518a) Importer(815301076,1909f56bfc062723c751e8b465ee728b) (PreviewImporter) -> (artifact id: 'c5fd780e7abdf5719491e3d322a5c142') in 0.0328624 seconds
Number of updated asset objects reloaded before import = 0Number of asset objects unloaded after import = 19

========================================================================
Received Import Request.
  Time since last request: 0.000033 seconds.
  path: Assets/3D Models/Old Troops/Prison/Modern Prison.blend
  artifactKey: Guid(a52eb81290dfff5448534778246d110a) Importer(815301076,1909f56bfc062723c751e8b465ee728b)
Start importing Assets/3D Models/Old Troops/Prison/Modern Prison.blend using Guid(a52eb81290dfff5448534778246d110a) Importer(815301076,1909f56bfc062723c751e8b465ee728b) (PreviewImporter) -> (artifact id: 'be8a1626029c8b03d81f41c3032dbae0') in 0.0355075 seconds
Number of updated asset objects reloaded before import = 0Number of asset objects unloaded after import = 14

========================================================================
Received Import Request.
  Time since last request: 0.000034 seconds.
  path: Assets/3D Models/Old Troops/Prison/Kingdom Prisoner.blend
  artifactKey: Guid(d30bf79bbd3cb8a47b9db6b1df5fae87) Importer(815301076,1909f56bfc062723c751e8b465ee728b)
Start importing Assets/3D Models/Old Troops/Prison/Kingdom Prisoner.blend using Guid(d30bf79bbd3cb8a47b9db6b1df5fae87) Importer(815301076,1909f56bfc062723c751e8b465ee728b) (PreviewImporter) -> (artifact id: '4fcff2c25935515cec81605164207afb') in 0.0548715 seconds
Number of updated asset objects reloaded before import = 0Number of asset objects unloaded after import = 173

========================================================================
Received Import Request.
  Time since last request: 0.000022 seconds.
  path: Assets/3D Models/Old Troops/Prison/Roman Prisoner.blend
  artifactKey: Guid(2c34268e71cebbb42b55d21521a1f0ba) Importer(815301076,1909f56bfc062723c751e8b465ee728b)
Start importing Assets/3D Models/Old Troops/Prison/Roman Prisoner.blend using Guid(2c34268e71cebbb42b55d21521a1f0ba) Importer(815301076,1909f56bfc062723c751e8b465ee728b) (PreviewImporter) -> (artifact id: '60a3e913ec2d8d141d72d0cea28e9895') in 0.0453253 seconds
Number of updated asset objects reloaded before import = 0Number of asset objects unloaded after import = 152

========================================================================
Received Import Request.
  Time since last request: 0.000034 seconds.
  path: Assets/3D Models/Old Troops/Prison/Modern Prisoner.blend
  artifactKey: Guid(92f6f3479f8876a48837a68fa3beb9e9) Importer(815301076,1909f56bfc062723c751e8b465ee728b)
Start importing Assets/3D Models/Old Troops/Prison/Modern Prisoner.blend using Guid(92f6f3479f8876a48837a68fa3beb9e9) Importer(815301076,1909f56bfc062723c751e8b465ee728b) (PreviewImporter) -> (artifact id: 'bd2976060ebdb48dea8395f2cb1ee817') in 0.0463928 seconds
Number of updated asset objects reloaded before import = 0Number of asset objects unloaded after import = 161

========================================================================
Received Import Request.
  Time since last request: 14.548575 seconds.
  path: Assets/3D Models/Old Troops/Range/Cyber Range.blend
  artifactKey: Guid(0634115124230ab4db651ba139416bf3) Importer(815301076,1909f56bfc062723c751e8b465ee728b)
Start importing Assets/3D Models/Old Troops/Range/Cyber Range.blend using Guid(0634115124230ab4db651ba139416bf3) Importer(815301076,1909f56bfc062723c751e8b465ee728b) (PreviewImporter) -> (artifact id: '89217f8cabeebda3affe1b197d50412a') in 0.0482703 seconds
Number of updated asset objects reloaded before import = 0Number of asset objects unloaded after import = 157

========================================================================
Received Import Request.
  Time since last request: 0.000025 seconds.
  path: Assets/3D Models/Old Troops/Range/Samurai Range.blend
  artifactKey: Guid(39e70f3537471ed4bbc0203f11c13eca) Importer(815301076,1909f56bfc062723c751e8b465ee728b)
Start importing Assets/3D Models/Old Troops/Range/Samurai Range.blend using Guid(39e70f3537471ed4bbc0203f11c13eca) Importer(815301076,1909f56bfc062723c751e8b465ee728b) (PreviewImporter) -> (artifact id: '2a1bc583b618f5ac0d8bfe3f74672b36') in 0.0411783 seconds
Number of updated asset objects reloaded before import = 0Number of asset objects unloaded after import = 147

========================================================================
Received Import Request.
  Time since last request: 0.000035 seconds.
  path: Assets/3D Models/Old Troops/Range/Stone Age Range.blend
  artifactKey: Guid(1be41d576463af84e849484fade517bf) Importer(815301076,1909f56bfc062723c751e8b465ee728b)
Start importing Assets/3D Models/Old Troops/Range/Stone Age Range.blend using Guid(1be41d576463af84e849484fade517bf) Importer(815301076,1909f56bfc062723c751e8b465ee728b) (PreviewImporter) -> (artifact id: '76282f302b551b444b39a55d3116bc90') in 0.0530858 seconds
Number of updated asset objects reloaded before import = 0Number of asset objects unloaded after import = 154

========================================================================
Received Import Request.
  Time since last request: 4.069836 seconds.
  path: Assets/3D Models/Old Troops/Rider/Egypt Rider.blend
  artifactKey: Guid(e5069182f9a81ee47957745ed11d243a) Importer(815301076,1909f56bfc062723c751e8b465ee728b)
Start importing Assets/3D Models/Old Troops/Rider/Egypt Rider.blend using Guid(e5069182f9a81ee47957745ed11d243a) Importer(815301076,1909f56bfc062723c751e8b465ee728b) (PreviewImporter) -> (artifact id: '122dda924ea7e1a4d74dc13f25083096') in 0.0559748 seconds
Number of updated asset objects reloaded before import = 0Number of asset objects unloaded after import = 151

========================================================================
Received Import Request.
  Time since last request: 0.000041 seconds.
  path: Assets/3D Models/Old Troops/Rider/Horse.blend
  artifactKey: Guid(2e46f16a1fae7854fa589a4e36f6bd28) Importer(815301076,1909f56bfc062723c751e8b465ee728b)
Start importing Assets/3D Models/Old Troops/Rider/Horse.blend using Guid(2e46f16a1fae7854fa589a4e36f6bd28) Importer(815301076,1909f56bfc062723c751e8b465ee728b) (PreviewImporter) -> (artifact id: 'e6f68c8df191f0e429ed785972efbcee') in 0.0848079 seconds
Number of updated asset objects reloaded before import = 0Number of asset objects unloaded after import = 1293

========================================================================
Received Import Request.
  Time since last request: 0.000051 seconds.
  path: Assets/3D Models/Old Troops/Rider/Roman Rider.blend
  artifactKey: Guid(604dd00b39990cd4da70a2dfd2acc8b9) Importer(815301076,1909f56bfc062723c751e8b465ee728b)
Start importing Assets/3D Models/Old Troops/Rider/Roman Rider.blend using Guid(604dd00b39990cd4da70a2dfd2acc8b9) Importer(815301076,1909f56bfc062723c751e8b465ee728b) (PreviewImporter) -> (artifact id: '3ca45eae0df51080ac715b1a5826b154') in 0.0538429 seconds
Number of updated asset objects reloaded before import = 0Number of asset objects unloaded after import = 168

========================================================================
Received Import Request.
  Time since last request: 0.000031 seconds.
  path: Assets/3D Models/Old Troops/Rider/Samurai Rider.blend
  artifactKey: Guid(d4369645a581c554dbdcd01ef8b3cd0c) Importer(815301076,1909f56bfc062723c751e8b465ee728b)
Start importing Assets/3D Models/Old Troops/Rider/Samurai Rider.blend using Guid(d4369645a581c554dbdcd01ef8b3cd0c) Importer(815301076,1909f56bfc062723c751e8b465ee728b) (PreviewImporter) -> (artifact id: '1cec52872b88984e4d9355ce6b63999a') in 0.0490502 seconds
Number of updated asset objects reloaded before import = 0Number of asset objects unloaded after import = 143

========================================================================
Received Import Request.
  Time since last request: 2.929938 seconds.
  path: Assets/3D Models/Old Troops/Trebuchet/Cyber Trebuchet Troop.blend
  artifactKey: Guid(730df9184a6fe1544bb9198310067ca3) Importer(815301076,1909f56bfc062723c751e8b465ee728b)
Start importing Assets/3D Models/Old Troops/Trebuchet/Cyber Trebuchet Troop.blend using Guid(730df9184a6fe1544bb9198310067ca3) Importer(815301076,1909f56bfc062723c751e8b465ee728b) (PreviewImporter) -> (artifact id: '96433e4443ed4cf0845bd2c60cbd7a3c') in 0.0432697 seconds
Number of updated asset objects reloaded before import = 0Number of asset objects unloaded after import = 147

========================================================================
Received Import Request.
  Time since last request: 0.000027 seconds.
  path: Assets/3D Models/Old Troops/Trebuchet/Modern Trebuchet.blend
  artifactKey: Guid(7613ba446438f894ab8aed02894a46ba) Importer(815301076,1909f56bfc062723c751e8b465ee728b)
Start importing Assets/3D Models/Old Troops/Trebuchet/Modern Trebuchet.blend using Guid(7613ba446438f894ab8aed02894a46ba) Importer(815301076,1909f56bfc062723c751e8b465ee728b) (PreviewImporter) -> (artifact id: '915a27be0fb96e179c58d571964cad97') in 0.0565105 seconds
Number of updated asset objects reloaded before import = 0Number of asset objects unloaded after import = 29

========================================================================
Received Import Request.
  Time since last request: 0.000026 seconds.
  path: Assets/3D Models/Old Troops/Trebuchet/Stone Trebuchet Troop.blend
  artifactKey: Guid(e0a3e3043ff05274399703beff5e4124) Importer(815301076,1909f56bfc062723c751e8b465ee728b)
Start importing Assets/3D Models/Old Troops/Trebuchet/Stone Trebuchet Troop.blend using Guid(e0a3e3043ff05274399703beff5e4124) Importer(815301076,1909f56bfc062723c751e8b465ee728b) (PreviewImporter) -> (artifact id: '45bf9ca1b1cf40f36cbc0b193f3129dd') in 0.056033 seconds
Number of updated asset objects reloaded before import = 0Number of asset objects unloaded after import = 155

========================================================================
Received Import Request.
  Time since last request: 0.000053 seconds.
  path: Assets/3D Models/Old Troops/Trebuchet/Samurai Trebuchet Troop.blend
  artifactKey: Guid(1eacf434fcca3ee4eb21b9c6896320af) Importer(815301076,1909f56bfc062723c751e8b465ee728b)
Start importing Assets/3D Models/Old Troops/Trebuchet/Samurai Trebuchet Troop.blend using Guid(1eacf434fcca3ee4eb21b9c6896320af) Importer(815301076,1909f56bfc062723c751e8b465ee728b) (PreviewImporter) -> (artifact id: '67aef5957f1cf79fcd54eec57dca63b5') in 0.0433186 seconds
Number of updated asset objects reloaded before import = 0Number of asset objects unloaded after import = 147

========================================================================
Received Import Request.
  Time since last request: 0.000022 seconds.
  path: Assets/3D Models/Old Troops/Trebuchet/Stone Trebuchet.blend
  artifactKey: Guid(e55db9e78eae5994cb80b9d123eddb2c) Importer(815301076,1909f56bfc062723c751e8b465ee728b)
Start importing Assets/3D Models/Old Troops/Trebuchet/Stone Trebuchet.blend using Guid(e55db9e78eae5994cb80b9d123eddb2c) Importer(815301076,1909f56bfc062723c751e8b465ee728b) (PreviewImporter) -> (artifact id: '8204ba9d3c94cd700c227250bd7b7dc0') in 0.0938994 seconds
Number of updated asset objects reloaded before import = 0Number of asset objects unloaded after import = 49

========================================================================
Received Import Request.
  Time since last request: 145.411214 seconds.
  path: Assets/Prefabs/Dice/Level 2 Dice.prefab
  artifactKey: Guid(4bbae24564c84fc4fb32acd4210d4aa5) Importer(815301076,1909f56bfc062723c751e8b465ee728b)
Start importing Assets/Prefabs/Dice/Level 2 Dice.prefab using Guid(4bbae24564c84fc4fb32acd4210d4aa5) Importer(815301076,1909f56bfc062723c751e8b465ee728b) (PreviewImporter) -> (artifact id: 'eb32a742fac9a721659420b19fa555e3') in 0.1022759 seconds
Number of updated asset objects reloaded before import = 0Number of asset objects unloaded after import = 56

========================================================================
Received Import Request.
  Time since last request: 0.000033 seconds.
  path: Assets/Prefabs/Dice/Unfolded Dice 2.prefab
  artifactKey: Guid(0ed70d27595e51b498ef36a211901a8e) Importer(815301076,1909f56bfc062723c751e8b465ee728b)
Start importing Assets/Prefabs/Dice/Unfolded Dice 2.prefab using Guid(0ed70d27595e51b498ef36a211901a8e) Importer(815301076,1909f56bfc062723c751e8b465ee728b) (PreviewImporter) -> (artifact id: 'a74ae0ea83cac3b9cc96c2fc8623cd07') in 0.0021386 seconds
Number of updated asset objects reloaded before import = 0Number of asset objects unloaded after import = 50

========================================================================
Received Import Request.
  Time since last request: 0.000041 seconds.
  path: Assets/Prefabs/Dice/Level 3 Dice.prefab
  artifactKey: Guid(af0a5b4aa60999c43a06adc27dce0514) Importer(815301076,1909f56bfc062723c751e8b465ee728b)
Start importing Assets/Prefabs/Dice/Level 3 Dice.prefab using Guid(af0a5b4aa60999c43a06adc27dce0514) Importer(815301076,1909f56bfc062723c751e8b465ee728b) (PreviewImporter) -> (artifact id: '22d8ef563e672b1eedca157881dd26fe') in 0.0431493 seconds
Number of updated asset objects reloaded before import = 0Number of asset objects unloaded after import = 52

========================================================================
Received Import Request.
  Time since last request: 0.000032 seconds.
  path: Assets/Prefabs/Dice/Unfolded Dice 6.prefab
  artifactKey: Guid(de3e307ad231afd48b85957869c798e7) Importer(815301076,1909f56bfc062723c751e8b465ee728b)
Start importing Assets/Prefabs/Dice/Unfolded Dice 6.prefab using Guid(de3e307ad231afd48b85957869c798e7) Importer(815301076,1909f56bfc062723c751e8b465ee728b) (PreviewImporter) -> (artifact id: '987b3b0a26ad4706c3f3b87318999515') in 0.0024096 seconds
Number of updated asset objects reloaded before import = 0Number of asset objects unloaded after import = 54

========================================================================
Received Import Request.
  Time since last request: 0.000034 seconds.
  path: Assets/Prefabs/Dice/Unfolded Dice 8.prefab
  artifactKey: Guid(bd244dc8c03e7734db946c044b337b94) Importer(815301076,1909f56bfc062723c751e8b465ee728b)
Start importing Assets/Prefabs/Dice/Unfolded Dice 8.prefab using Guid(bd244dc8c03e7734db946c044b337b94) Importer(815301076,1909f56bfc062723c751e8b465ee728b) (PreviewImporter) -> (artifact id: 'd9f7c7b9fc0a451d9eab2bc24f7d28f9') in 0.002407 seconds
Number of updated asset objects reloaded before import = 0Number of asset objects unloaded after import = 54

========================================================================
Received Import Request.
  Time since last request: 0.000031 seconds.
  path: Assets/Prefabs/Dice/Unfolded Dice 9.prefab
  artifactKey: Guid(4fa0107804b004a46a2b23690236632a) Importer(815301076,1909f56bfc062723c751e8b465ee728b)
Start importing Assets/Prefabs/Dice/Unfolded Dice 9.prefab using Guid(4fa0107804b004a46a2b23690236632a) Importer(815301076,1909f56bfc062723c751e8b465ee728b) (PreviewImporter) -> (artifact id: '2ac28bf927959e9b0dbd117515a2991f') in 0.0025471 seconds
Number of updated asset objects reloaded before import = 0Number of asset objects unloaded after import = 54

========================================================================
Received Import Request.
  Time since last request: 4.582175 seconds.
  path: Assets/Prefabs/Building/Shield  Building.prefab
  artifactKey: Guid(a9c2d15ee2b49f044ab414880981aff7) Importer(815301076,1909f56bfc062723c751e8b465ee728b)
Start importing Assets/Prefabs/Building/Shield  Building.prefab using Guid(a9c2d15ee2b49f044ab414880981aff7) Importer(815301076,1909f56bfc062723c751e8b465ee728b) (PreviewImporter) -> (artifact id: 'ff655afc150be2a9d5ffebf1aef9a067') in 0.1401449 seconds
Number of updated asset objects reloaded before import = 0Number of asset objects unloaded after import = 76

========================================================================
Received Import Request.
  Time since last request: 51.069849 seconds.
  path: Assets/Materials/Characters/Kingdom Player 2.mat
  artifactKey: Guid(37429d5e8cc7d034e963ba1383049def) Importer(815301076,1909f56bfc062723c751e8b465ee728b)
Start importing Assets/Materials/Characters/Kingdom Player 2.mat using Guid(37429d5e8cc7d034e963ba1383049def) Importer(815301076,1909f56bfc062723c751e8b465ee728b) (PreviewImporter) -> (artifact id: '5ab2ce2532cfe03dee716eef7dba91ed') in 0.0244351 seconds
Number of updated asset objects reloaded before import = 0Number of asset objects unloaded after import = 7

========================================================================
Received Import Request.
  Time since last request: 0.000028 seconds.
  path: Assets/Materials/Characters/Kingdom V3  Player 1.mat
  artifactKey: Guid(fe918c2de7bc5594da80a7594269b75c) Importer(815301076,1909f56bfc062723c751e8b465ee728b)
Start importing Assets/Materials/Characters/Kingdom V3  Player 1.mat using Guid(fe918c2de7bc5594da80a7594269b75c) Importer(815301076,1909f56bfc062723c751e8b465ee728b) (PreviewImporter) -> (artifact id: 'e2fcd2e16f95cbfda88b06886b81134f') in 0.0188392 seconds
Number of updated asset objects reloaded before import = 0Number of asset objects unloaded after import = 7

========================================================================
Received Import Request.
  Time since last request: 0.000025 seconds.
  path: Assets/Materials/Characters/Kingdom V2  Player 2.mat
  artifactKey: Guid(984ab609305d1fd409d9ab2131c39ac2) Importer(815301076,1909f56bfc062723c751e8b465ee728b)
Start importing Assets/Materials/Characters/Kingdom V2  Player 2.mat using Guid(984ab609305d1fd409d9ab2131c39ac2) Importer(815301076,1909f56bfc062723c751e8b465ee728b) (PreviewImporter) -> (artifact id: 'fcd5b7c5a218af82f5f2851e88278b61') in 0.0409672 seconds
Number of updated asset objects reloaded before import = 0Number of asset objects unloaded after import = 7

========================================================================
Received Import Request.
  Time since last request: 0.794025 seconds.
  path: Assets/Packages/Feel/MMTools/Accessories/MMVFX/MMRipple/MMRippleSaw1.mat
  artifactKey: Guid(b5cfff2a54f297f469c90648588cb9dc) Importer(815301076,1909f56bfc062723c751e8b465ee728b)
Start importing Assets/Packages/Feel/MMTools/Accessories/MMVFX/MMRipple/MMRippleSaw1.mat using Guid(b5cfff2a54f297f469c90648588cb9dc) Importer(815301076,1909f56bfc062723c751e8b465ee728b) (PreviewImporter)Shader properties can't be added to this global property sheet. Trying to add _BackgroundTexture_ST (type 2 count 1)
UnityEngine.Debug:ExtractStackTraceNoAlloc (byte*,int,string)
UnityEngine.StackTraceUtility:ExtractStackTrace ()
UnityEngine.Rendering.ScriptableRenderContext:Submit ()
UnityEngine.Rendering.Universal.UniversalRenderPipeline:RenderSingleCamera (UnityEngine.Rendering.ScriptableRenderContext,UnityEngine.Rendering.Universal.UniversalCameraData) (at ./Library/PackageCache/com.unity.render-pipelines.universal/Runtime/UniversalRenderPipeline.cs:887)
UnityEngine.Rendering.Universal.UniversalRenderPipeline:RenderSingleCameraInternal (UnityEngine.Rendering.ScriptableRenderContext,UnityEngine.Camera,UnityEngine.Rendering.Universal.UniversalAdditionalCameraData&) (at ./Library/PackageCache/com.unity.render-pipelines.universal/Runtime/UniversalRenderPipeline.cs:690)
UnityEngine.Rendering.Universal.UniversalRenderPipeline:RenderSingleCameraInternal (UnityEngine.Rendering.ScriptableRenderContext,UnityEngine.Camera) (at ./Library/PackageCache/com.unity.render-pipelines.universal/Runtime/UniversalRenderPipeline.cs:665)
UnityEngine.Rendering.Universal.UniversalRenderPipeline:Render (UnityEngine.Rendering.ScriptableRenderContext,System.Collections.Generic.List`1<UnityEngine.Camera>) (at ./Library/PackageCache/com.unity.render-pipelines.universal/Runtime/UniversalRenderPipeline.cs:482)
UnityEngine.Rendering.RenderPipeline:InternalRender (UnityEngine.Rendering.ScriptableRenderContext,System.Collections.Generic.List`1<UnityEngine.Camera>)
UnityEngine.Rendering.RenderPipelineManager:DoRenderLoop_Internal (UnityEngine.Rendering.RenderPipelineAsset,intptr,UnityEngine.Object,Unity.Collections.LowLevel.Unsafe.AtomicSafetyHandle)
UnityEngine.Camera:Render ()
UnityEditor.PreviewRenderUtility:Render (bool,bool)
UnityEditor.MaterialEditor:DoRenderPreview (UnityEditor.PreviewRenderUtility,bool)
UnityEditor.MaterialEditor:RenderStaticPreview (string,UnityEngine.Object[],int,int)
UnityEditor.AssetPreviewUpdater:CreatePreview (UnityEngine.Object,UnityEngine.Object[],string,int,int)
UnityEditor.AssetPreviewUpdater:CreatePreviewForAsset (UnityEngine.Object,UnityEngine.Object[],string)

[./Library/PackageCache/com.unity.render-pipelines.universal/Runtime/UniversalRenderPipeline.cs line 887]

Shader properties can't be added to this global property sheet. Trying to add _BackgroundTexture_TexelSize (type 2 count 1)
UnityEngine.Debug:ExtractStackTraceNoAlloc (byte*,int,string)
UnityEngine.StackTraceUtility:ExtractStackTrace ()
UnityEngine.Rendering.ScriptableRenderContext:Submit ()
UnityEngine.Rendering.Universal.UniversalRenderPipeline:RenderSingleCamera (UnityEngine.Rendering.ScriptableRenderContext,UnityEngine.Rendering.Universal.UniversalCameraData) (at ./Library/PackageCache/com.unity.render-pipelines.universal/Runtime/UniversalRenderPipeline.cs:887)
UnityEngine.Rendering.Universal.UniversalRenderPipeline:RenderSingleCameraInternal (UnityEngine.Rendering.ScriptableRenderContext,UnityEngine.Camera,UnityEngine.Rendering.Universal.UniversalAdditionalCameraData&) (at ./Library/PackageCache/com.unity.render-pipelines.universal/Runtime/UniversalRenderPipeline.cs:690)
UnityEngine.Rendering.Universal.UniversalRenderPipeline:RenderSingleCameraInternal (UnityEngine.Rendering.ScriptableRenderContext,UnityEngine.Camera) (at ./Library/PackageCache/com.unity.render-pipelines.universal/Runtime/UniversalRenderPipeline.cs:665)
UnityEngine.Rendering.Universal.UniversalRenderPipeline:Render (UnityEngine.Rendering.ScriptableRenderContext,System.Collections.Generic.List`1<UnityEngine.Camera>) (at ./Library/PackageCache/com.unity.render-pipelines.universal/Runtime/UniversalRenderPipeline.cs:482)
UnityEngine.Rendering.RenderPipeline:InternalRender (UnityEngine.Rendering.ScriptableRenderContext,System.Collections.Generic.List`1<UnityEngine.Camera>)
UnityEngine.Rendering.RenderPipelineManager:DoRenderLoop_Internal (UnityEngine.Rendering.RenderPipelineAsset,intptr,UnityEngine.Object,Unity.Collections.LowLevel.Unsafe.AtomicSafetyHandle)
UnityEngine.Camera:Render ()
UnityEditor.PreviewRenderUtility:Render (bool,bool)
UnityEditor.MaterialEditor:DoRenderPreview (UnityEditor.PreviewRenderUtility,bool)
UnityEditor.MaterialEditor:RenderStaticPreview (string,UnityEngine.Object[],int,int)
UnityEditor.AssetPreviewUpdater:CreatePreview (UnityEngine.Object,UnityEngine.Object[],string,int,int)
UnityEditor.AssetPreviewUpdater:CreatePreviewForAsset (UnityEngine.Object,UnityEngine.Object[],string)

[./Library/PackageCache/com.unity.render-pipelines.universal/Runtime/UniversalRenderPipeline.cs line 887]

Shader properties can't be added to this global property sheet. Trying to add _BackgroundTexture_HDR (type 2 count 1)
UnityEngine.Debug:ExtractStackTraceNoAlloc (byte*,int,string)
UnityEngine.StackTraceUtility:ExtractStackTrace ()
UnityEngine.Rendering.ScriptableRenderContext:Submit ()
UnityEngine.Rendering.Universal.UniversalRenderPipeline:RenderSingleCamera (UnityEngine.Rendering.ScriptableRenderContext,UnityEngine.Rendering.Universal.UniversalCameraData) (at ./Library/PackageCache/com.unity.render-pipelines.universal/Runtime/UniversalRenderPipeline.cs:887)
UnityEngine.Rendering.Universal.UniversalRenderPipeline:RenderSingleCameraInternal (UnityEngine.Rendering.ScriptableRenderContext,UnityEngine.Camera,UnityEngine.Rendering.Universal.UniversalAdditionalCameraData&) (at ./Library/PackageCache/com.unity.render-pipelines.universal/Runtime/UniversalRenderPipeline.cs:690)
UnityEngine.Rendering.Universal.UniversalRenderPipeline:RenderSingleCameraInternal (UnityEngine.Rendering.ScriptableRenderContext,UnityEngine.Camera) (at ./Library/PackageCache/com.unity.render-pipelines.universal/Runtime/UniversalRenderPipeline.cs:665)
UnityEngine.Rendering.Universal.UniversalRenderPipeline:Render (UnityEngine.Rendering.ScriptableRenderContext,System.Collections.Generic.List`1<UnityEngine.Camera>) (at ./Library/PackageCache/com.unity.render-pipelines.universal/Runtime/UniversalRenderPipeline.cs:482)
UnityEngine.Rendering.RenderPipeline:InternalRender (UnityEngine.Rendering.ScriptableRenderContext,System.Collections.Generic.List`1<UnityEngine.Camera>)
UnityEngine.Rendering.RenderPipelineManager:DoRenderLoop_Internal (UnityEngine.Rendering.RenderPipelineAsset,intptr,UnityEngine.Object,Unity.Collections.LowLevel.Unsafe.AtomicSafetyHandle)
UnityEngine.Camera:Render ()
UnityEditor.PreviewRenderUtility:Render (bool,bool)
UnityEditor.MaterialEditor:DoRenderPreview (UnityEditor.PreviewRenderUtility,bool)
UnityEditor.MaterialEditor:RenderStaticPreview (string,UnityEngine.Object[],int,int)
UnityEditor.AssetPreviewUpdater:CreatePreview (UnityEngine.Object,UnityEngine.Object[],string,int,int)
UnityEditor.AssetPreviewUpdater:CreatePreviewForAsset (UnityEngine.Object,UnityEngine.Object[],string)

[./Library/PackageCache/com.unity.render-pipelines.universal/Runtime/UniversalRenderPipeline.cs line 887]

Shader properties can't be added to this global property sheet. Trying to add _BackgroundTexture (type 4 count 1)
UnityEngine.Debug:ExtractStackTraceNoAlloc (byte*,int,string)
UnityEngine.StackTraceUtility:ExtractStackTrace ()
UnityEngine.Rendering.ScriptableRenderContext:Submit ()
UnityEngine.Rendering.Universal.UniversalRenderPipeline:RenderSingleCamera (UnityEngine.Rendering.ScriptableRenderContext,UnityEngine.Rendering.Universal.UniversalCameraData) (at ./Library/PackageCache/com.unity.render-pipelines.universal/Runtime/UniversalRenderPipeline.cs:887)
UnityEngine.Rendering.Universal.UniversalRenderPipeline:RenderSingleCameraInternal (UnityEngine.Rendering.ScriptableRenderContext,UnityEngine.Camera,UnityEngine.Rendering.Universal.UniversalAdditionalCameraData&) (at ./Library/PackageCache/com.unity.render-pipelines.universal/Runtime/UniversalRenderPipeline.cs:690)
UnityEngine.Rendering.Universal.UniversalRenderPipeline:RenderSingleCameraInternal (UnityEngine.Rendering.ScriptableRenderContext,UnityEngine.Camera) (at ./Library/PackageCache/com.unity.render-pipelines.universal/Runtime/UniversalRenderPipeline.cs:665)
UnityEngine.Rendering.Universal.UniversalRenderPipeline:Render (UnityEngine.Rendering.ScriptableRenderContext,System.Collections.Generic.List`1<UnityEngine.Camera>) (at ./Library/PackageCache/com.unity.render-pipelines.universal/Runtime/UniversalRenderPipeline.cs:482)
UnityEngine.Rendering.RenderPipeline:InternalRender (UnityEngine.Rendering.ScriptableRenderContext,System.Collections.Generic.List`1<UnityEngine.Camera>)
UnityEngine.Rendering.RenderPipelineManager:DoRenderLoop_Internal (UnityEngine.Rendering.RenderPipelineAsset,intptr,UnityEngine.Object,Unity.Collections.LowLevel.Unsafe.AtomicSafetyHandle)
UnityEngine.Camera:Render ()
UnityEditor.PreviewRenderUtility:Render (bool,bool)
UnityEditor.MaterialEditor:DoRenderPreview (UnityEditor.PreviewRenderUtility,bool)
UnityEditor.MaterialEditor:RenderStaticPreview (string,UnityEngine.Object[],int,int)
UnityEditor.AssetPreviewUpdater:CreatePreview (UnityEngine.Object,UnityEngine.Object[],string,int,int)
UnityEditor.AssetPreviewUpdater:CreatePreviewForAsset (UnityEngine.Object,UnityEngine.Object[],string)

[./Library/PackageCache/com.unity.render-pipelines.universal/Runtime/UniversalRenderPipeline.cs line 887]

 -> (artifact id: '03d75ec52d92fe377f1502aacd9bdb1f') in 0.0364613 seconds
Number of updated asset objects reloaded before import = 0Number of asset objects unloaded after import = 2

========================================================================
Received Import Request.
  Time since last request: 0.000029 seconds.
  path: Assets/Materials/Building/Apocalypse/SawTeeth_01.mat
  artifactKey: Guid(81263123edc565849acccbb463042713) Importer(815301076,1909f56bfc062723c751e8b465ee728b)
Start importing Assets/Materials/Building/Apocalypse/SawTeeth_01.mat using Guid(81263123edc565849acccbb463042713) Importer(815301076,1909f56bfc062723c751e8b465ee728b) (PreviewImporter) -> (artifact id: 'e51dc36230dbd05b152f8febb771f816') in 0.0204426 seconds
Number of updated asset objects reloaded before import = 0Number of asset objects unloaded after import = 2

========================================================================
Received Import Request.
  Time since last request: 0.000039 seconds.
  path: Assets/Materials/Characters/Samurai Player 2.mat
  artifactKey: Guid(aec3bc38d369f7f4da5637570b8d229b) Importer(815301076,1909f56bfc062723c751e8b465ee728b)
Start importing Assets/Materials/Characters/Samurai Player 2.mat using Guid(aec3bc38d369f7f4da5637570b8d229b) Importer(815301076,1909f56bfc062723c751e8b465ee728b) (PreviewImporter) -> (artifact id: 'c761cde2800dff6176226423c32f3e13') in 0.0309552 seconds
Number of updated asset objects reloaded before import = 0Number of asset objects unloaded after import = 7

========================================================================
Received Import Request.
  Time since last request: 12.662908 seconds.
  path: Assets/Materials/Characters/Roman Player 3.mat
  artifactKey: Guid(33e8981bdf00654418c22ebb989847f8) Importer(815301076,1909f56bfc062723c751e8b465ee728b)
Start importing Assets/Materials/Characters/Roman Player 3.mat using Guid(33e8981bdf00654418c22ebb989847f8) Importer(815301076,1909f56bfc062723c751e8b465ee728b) (PreviewImporter) -> (artifact id: '34ebf9eae31c121e708c22932c2587d6') in 0.0257411 seconds
Number of updated asset objects reloaded before import = 0Number of asset objects unloaded after import = 7

========================================================================
Received Import Request.
  Time since last request: 0.000038 seconds.
  path: Assets/Packages/Feel/MMFeedbacks/Demos/SequencingDemo/Materials/SequencerTiles12.mat
  artifactKey: Guid(28f4ba3ff8cbc124d82cbe3d696ed209) Importer(815301076,1909f56bfc062723c751e8b465ee728b)
Start importing Assets/Packages/Feel/MMFeedbacks/Demos/SequencingDemo/Materials/SequencerTiles12.mat using Guid(28f4ba3ff8cbc124d82cbe3d696ed209) Importer(815301076,1909f56bfc062723c751e8b465ee728b) (PreviewImporter) -> (artifact id: '1732794eee151891756c436dd0f44944') in 0.1477986 seconds
Number of updated asset objects reloaded before import = 0Number of asset objects unloaded after import = 4

========================================================================
Received Import Request.
  Time since last request: 0.000037 seconds.
  path: Assets/Packages/Feel/MMFeedbacks/Demos/SequencingDemo/Materials/SequencerCarpet06.mat
  artifactKey: Guid(1a56e529cc6f9354ebe7986cb56493be) Importer(815301076,1909f56bfc062723c751e8b465ee728b)
Start importing Assets/Packages/Feel/MMFeedbacks/Demos/SequencingDemo/Materials/SequencerCarpet06.mat using Guid(1a56e529cc6f9354ebe7986cb56493be) Importer(815301076,1909f56bfc062723c751e8b465ee728b) (PreviewImporter) -> (artifact id: '0eab5bd5e0c311636ff5b25b2485bf09') in 0.0580788 seconds
Number of updated asset objects reloaded before import = 0Number of asset objects unloaded after import = 5

========================================================================
Received Import Request.
  Time since last request: 0.000061 seconds.
  path: Assets/Packages/Feel/MMFeedbacks/Demos/SequencingDemo/Materials/SequencerFabric09.mat
  artifactKey: Guid(d27c02d0cdd147245be0de863bd68637) Importer(815301076,1909f56bfc062723c751e8b465ee728b)
Start importing Assets/Packages/Feel/MMFeedbacks/Demos/SequencingDemo/Materials/SequencerFabric09.mat using Guid(d27c02d0cdd147245be0de863bd68637) Importer(815301076,1909f56bfc062723c751e8b465ee728b) (PreviewImporter) -> (artifact id: '0ee2187d4136559d90e53b33009635e1') in 0.0722213 seconds
Number of updated asset objects reloaded before import = 0Number of asset objects unloaded after import = 7

========================================================================
Received Import Request.
  Time since last request: 0.000038 seconds.
  path: Assets/Packages/Feel/MMFeedbacks/Demos/SequencingDemo/Materials/SequencerTiles44.mat
  artifactKey: Guid(e69503b16837c6d4fb7e7c787b6bbd80) Importer(815301076,1909f56bfc062723c751e8b465ee728b)
Start importing Assets/Packages/Feel/MMFeedbacks/Demos/SequencingDemo/Materials/SequencerTiles44.mat using Guid(e69503b16837c6d4fb7e7c787b6bbd80) Importer(815301076,1909f56bfc062723c751e8b465ee728b) (PreviewImporter) -> (artifact id: '852a43175d46cdef7cc31792786823cb') in 0.0457555 seconds
Number of updated asset objects reloaded before import = 0Number of asset objects unloaded after import = 4

========================================================================
Received Import Request.
  Time since last request: 0.000044 seconds.
  path: Assets/Packages/Feel/MMFeedbacks/Demos/SequencingDemo/Materials/SequencerTiles31.mat
  artifactKey: Guid(ef35891a12f2deb49acd5cffa698c910) Importer(815301076,1909f56bfc062723c751e8b465ee728b)
Start importing Assets/Packages/Feel/MMFeedbacks/Demos/SequencingDemo/Materials/SequencerTiles31.mat using Guid(ef35891a12f2deb49acd5cffa698c910) Importer(815301076,1909f56bfc062723c751e8b465ee728b) (PreviewImporter) -> (artifact id: '671a766af65b5c66da9721f468f1b235') in 0.0452961 seconds
Number of updated asset objects reloaded before import = 0Number of asset objects unloaded after import = 4

========================================================================
Received Import Request.
  Time since last request: 343.207571 seconds.
  path: Assets/Packages/PolygonParticles/Materials/PolygonParticleFX_Cutout_Round.mat
  artifactKey: Guid(f55d44db4612b10438c11e63bc1ea9ca) Importer(815301076,1909f56bfc062723c751e8b465ee728b)
Start importing Assets/Packages/PolygonParticles/Materials/PolygonParticleFX_Cutout_Round.mat using Guid(f55d44db4612b10438c11e63bc1ea9ca) Importer(815301076,1909f56bfc062723c751e8b465ee728b) (PreviewImporter) -> (artifact id: '3ee7d7b9a585fcaae3195276bf25bfbb') in 0.049648 seconds
Number of updated asset objects reloaded before import = 0Number of asset objects unloaded after import = 2

========================================================================
Received Import Request.
  Time since last request: 0.000037 seconds.
  path: Assets/Packages/PolygonParticles/Materials/PolygonParticleFX_Cutout_Round_Dark.mat
  artifactKey: Guid(819f0997b5a3d424bae37f31c7c24f28) Importer(815301076,1909f56bfc062723c751e8b465ee728b)
Start importing Assets/Packages/PolygonParticles/Materials/PolygonParticleFX_Cutout_Round_Dark.mat using Guid(819f0997b5a3d424bae37f31c7c24f28) Importer(815301076,1909f56bfc062723c751e8b465ee728b) (PreviewImporter) -> (artifact id: 'c46d521e575753ee12675368fb50fef8') in 0.0287157 seconds
Number of updated asset objects reloaded before import = 0Number of asset objects unloaded after import = 2

========================================================================
Received Import Request.
  Time since last request: 0.000026 seconds.
  path: Assets/Packages/PolygonParticles/Materials/PolygonParticleFX_Cutout_Round 1.mat
  artifactKey: Guid(931f6cb81f32ff8418b581d210c8dd21) Importer(815301076,1909f56bfc062723c751e8b465ee728b)
Start importing Assets/Packages/PolygonParticles/Materials/PolygonParticleFX_Cutout_Round 1.mat using Guid(931f6cb81f32ff8418b581d210c8dd21) Importer(815301076,1909f56bfc062723c751e8b465ee728b) (PreviewImporter) -> (artifact id: '2ccee527a983f6880c1b823d2aa0ca31') in 0.0158945 seconds
Number of updated asset objects reloaded before import = 0Number of asset objects unloaded after import = 2

========================================================================
Received Import Request.
  Time since last request: 0.000031 seconds.
  path: Assets/Materials/Characters/Roman Player 1.mat
  artifactKey: Guid(58cc851948d32f540975e78f2c024d35) Importer(815301076,1909f56bfc062723c751e8b465ee728b)
Start importing Assets/Materials/Characters/Roman Player 1.mat using Guid(58cc851948d32f540975e78f2c024d35) Importer(815301076,1909f56bfc062723c751e8b465ee728b) (PreviewImporter) -> (artifact id: 'ad78bffefdd2b7950c1c8a1ddf06db49') in 0.0234834 seconds
Number of updated asset objects reloaded before import = 0Number of asset objects unloaded after import = 7

========================================================================
Received Import Request.
  Time since last request: 0.000026 seconds.
  path: Assets/Materials/Characters/Troops.shadergraph
  artifactKey: Guid(bb9d20737701e904ebe119c1b86d4290) Importer(815301076,1909f56bfc062723c751e8b465ee728b)
Start importing Assets/Materials/Characters/Troops.shadergraph using Guid(bb9d20737701e904ebe119c1b86d4290) Importer(815301076,1909f56bfc062723c751e8b465ee728b) (PreviewImporter) -> (artifact id: '02bc25ae2c58432333794d0c69a1afbb') in 0.0181302 seconds
Number of updated asset objects reloaded before import = 0Number of asset objects unloaded after import = 4

========================================================================
Received Import Request.
  Time since last request: 0.000033 seconds.
  path: Assets/Packages/PolygonParticles/Materials/PolygonParticleFX_Cutout_Round_VertexLit.mat
  artifactKey: Guid(a56a6d4404bb5944c8e5a9bd16f2b31e) Importer(815301076,1909f56bfc062723c751e8b465ee728b)
Start importing Assets/Packages/PolygonParticles/Materials/PolygonParticleFX_Cutout_Round_VertexLit.mat using Guid(a56a6d4404bb5944c8e5a9bd16f2b31e) Importer(815301076,1909f56bfc062723c751e8b465ee728b) (PreviewImporter) -> (artifact id: 'd846a4d4f7194d979869c9f69c97bf99') in 0.0108293 seconds
Number of updated asset objects reloaded before import = 0Number of asset objects unloaded after import = 2

Editor requested this worker to shutdown with reason: Scaling down because of idle timeout
AssetImportWorker is now disconnected from the server
Process exiting
Exiting without the bug reporter. Application will terminate with return code 0